/media/tx-deepocean/sdc/zs/projects/LookaheadOptimizer-mx/mxnet/gluon/data/vision/datasets.py:118: DeprecationWarning: The binary mode of fromstring is deprecated, as it behaves surprisingly on unicode inputs. Use frombuffer instead
  label = np.fromstring(fin.read(), dtype=np.uint8).astype(np.int32)
/media/tx-deepocean/sdc/zs/projects/LookaheadOptimizer-mx/mxnet/gluon/data/vision/datasets.py:122: DeprecationWarning: The binary mode of fromstring is deprecated, as it behaves surprisingly on unicode inputs. Use frombuffer instead
  data = np.fromstring(fin.read(), dtype=np.uint8)
[Epoch 0 Batch 50] Training: accuracy=0.714706
[Epoch 0 Batch 100] Training: accuracy=0.803069
[Epoch 0 Batch 150] Training: accuracy=0.835166
[Epoch 0 Batch 200] Training: accuracy=0.855771
[Epoch 0 Batch 250] Training: accuracy=0.868924
[Epoch 0 Batch 300] Training: accuracy=0.880930
[Epoch 0 Batch 350] Training: accuracy=0.890028
[Epoch 0 Batch 400] Training: accuracy=0.897656
[Epoch 0 Batch 450] Training: accuracy=0.903503
[Epoch 0 Batch 500] Training: accuracy=0.908224
[Epoch 0 Batch 550] Training: accuracy=0.911978
[Epoch 0] Trianing Time: 82.0607681274 s
[Epoch 0] Training: accuracy=0.915933
[Epoch 0] Validation: accuracy=0.962300
[Epoch 1 Batch 50] Training: accuracy=0.967647
[Epoch 1 Batch 100] Training: accuracy=0.962178
[Epoch 1 Batch 150] Training: accuracy=0.962848
[Epoch 1 Batch 200] Training: accuracy=0.963781
[Epoch 1 Batch 250] Training: accuracy=0.963625
[Epoch 1 Batch 300] Training: accuracy=0.964086
[Epoch 1 Batch 350] Training: accuracy=0.964103
[Epoch 1 Batch 400] Training: accuracy=0.965162
[Epoch 1 Batch 450] Training: accuracy=0.965676
[Epoch 1 Batch 500] Training: accuracy=0.966208
[Epoch 1 Batch 550] Training: accuracy=0.966461
[Epoch 1] Trianing Time: 87.780203104 s
[Epoch 1] Training: accuracy=0.966550
[Epoch 1] Validation: accuracy=0.974000
[Epoch 2 Batch 50] Training: accuracy=0.980392
[Epoch 2 Batch 100] Training: accuracy=0.979307
[Epoch 2 Batch 150] Training: accuracy=0.978278
[Epoch 2 Batch 200] Training: accuracy=0.979254
[Epoch 2 Batch 250] Training: accuracy=0.979203
[Epoch 2 Batch 300] Training: accuracy=0.979136
[Epoch 2 Batch 350] Training: accuracy=0.978234
[Epoch 2 Batch 400] Training: accuracy=0.978030
[Epoch 2 Batch 450] Training: accuracy=0.977738
[Epoch 2 Batch 500] Training: accuracy=0.977465
[Epoch 2 Batch 550] Training: accuracy=0.977060
[Epoch 2] Trianing Time: 84.3485860825 s
[Epoch 2] Training: accuracy=0.977400
[Epoch 2] Validation: accuracy=0.975900
[Epoch 3 Batch 50] Training: accuracy=0.985490
[Epoch 3 Batch 100] Training: accuracy=0.985842
[Epoch 3 Batch 150] Training: accuracy=0.984967
[Epoch 3 Batch 200] Training: accuracy=0.984080
[Epoch 3 Batch 250] Training: accuracy=0.983307
[Epoch 3 Batch 300] Training: accuracy=0.982691
[Epoch 3 Batch 350] Training: accuracy=0.982564
[Epoch 3 Batch 400] Training: accuracy=0.982868
[Epoch 3 Batch 450] Training: accuracy=0.982705
[Epoch 3 Batch 500] Training: accuracy=0.982595
[Epoch 3 Batch 550] Training: accuracy=0.982541
[Epoch 3] Trianing Time: 90.6474370956 s
[Epoch 3] Training: accuracy=0.982683
[Epoch 3] Validation: accuracy=0.974500
[Epoch 4 Batch 50] Training: accuracy=0.987059
[Epoch 4 Batch 100] Training: accuracy=0.988416
[Epoch 4 Batch 150] Training: accuracy=0.987285
[Epoch 4 Batch 200] Training: accuracy=0.987463
[Epoch 4 Batch 250] Training: accuracy=0.987610
[Epoch 4 Batch 300] Training: accuracy=0.987309
[Epoch 4 Batch 350] Training: accuracy=0.986980
[Epoch 4 Batch 400] Training: accuracy=0.987057
[Epoch 4 Batch 450] Training: accuracy=0.987140
[Epoch 4 Batch 500] Training: accuracy=0.987046
[Epoch 4 Batch 550] Training: accuracy=0.986733
[Epoch 4] Trianing Time: 90.2658109665 s
[Epoch 4] Training: accuracy=0.986250
[Epoch 4] Validation: accuracy=0.978400
[Epoch 5 Batch 50] Training: accuracy=0.989020
[Epoch 5 Batch 100] Training: accuracy=0.989802
[Epoch 5 Batch 150] Training: accuracy=0.990199
[Epoch 5 Batch 200] Training: accuracy=0.990299
[Epoch 5 Batch 250] Training: accuracy=0.989363
[Epoch 5 Batch 300] Training: accuracy=0.989003
[Epoch 5 Batch 350] Training: accuracy=0.988917
[Epoch 5 Batch 400] Training: accuracy=0.988005
[Epoch 5 Batch 450] Training: accuracy=0.988381
[Epoch 5 Batch 500] Training: accuracy=0.988463
[Epoch 5 Batch 550] Training: accuracy=0.988058
[Epoch 5] Trianing Time: 82.8936011791 s
[Epoch 5] Training: accuracy=0.987883
[Epoch 5] Validation: accuracy=0.980400
[Epoch 6 Batch 50] Training: accuracy=0.995294
[Epoch 6 Batch 100] Training: accuracy=0.992574
[Epoch 6 Batch 150] Training: accuracy=0.992053
[Epoch 6 Batch 200] Training: accuracy=0.991692
[Epoch 6 Batch 250] Training: accuracy=0.991474
[Epoch 6 Batch 300] Training: accuracy=0.991362
[Epoch 6 Batch 350] Training: accuracy=0.991168
[Epoch 6 Batch 400] Training: accuracy=0.991222
[Epoch 6 Batch 450] Training: accuracy=0.990976
[Epoch 6 Batch 500] Training: accuracy=0.990259
[Epoch 6 Batch 550] Training: accuracy=0.990399
[Epoch 6] Trianing Time: 80.3235661983 s
[Epoch 6] Training: accuracy=0.990233
[Epoch 6] Validation: accuracy=0.979500
[Epoch 7 Batch 50] Training: accuracy=0.994314
[Epoch 7 Batch 100] Training: accuracy=0.993762
[Epoch 7 Batch 150] Training: accuracy=0.994172
[Epoch 7 Batch 200] Training: accuracy=0.993433
[Epoch 7 Batch 250] Training: accuracy=0.993386
[Epoch 7 Batch 300] Training: accuracy=0.993422
[Epoch 7 Batch 350] Training: accuracy=0.993248
[Epoch 7 Batch 400] Training: accuracy=0.993192
[Epoch 7 Batch 450] Training: accuracy=0.993193
[Epoch 7 Batch 500] Training: accuracy=0.992735
[Epoch 7 Batch 550] Training: accuracy=0.992359
[Epoch 7] Trianing Time: 81.6394898891 s
[Epoch 7] Training: accuracy=0.992200
[Epoch 7] Validation: accuracy=0.979400
[Epoch 8 Batch 50] Training: accuracy=0.994902
[Epoch 8 Batch 100] Training: accuracy=0.995149
[Epoch 8 Batch 150] Training: accuracy=0.995364
[Epoch 8 Batch 200] Training: accuracy=0.995672
[Epoch 8 Batch 250] Training: accuracy=0.995538
[Epoch 8 Batch 300] Training: accuracy=0.995482
[Epoch 8 Batch 350] Training: accuracy=0.995413
[Epoch 8 Batch 400] Training: accuracy=0.995287
[Epoch 8 Batch 450] Training: accuracy=0.994989
[Epoch 8 Batch 500] Training: accuracy=0.994810
[Epoch 8 Batch 550] Training: accuracy=0.994483
[Epoch 8] Trianing Time: 82.0056929588 s
[Epoch 8] Training: accuracy=0.994217
[Epoch 8] Validation: accuracy=0.981700
[Epoch 9 Batch 50] Training: accuracy=0.997059
[Epoch 9 Batch 100] Training: accuracy=0.996139
[Epoch 9 Batch 150] Training: accuracy=0.996159
[Epoch 9 Batch 200] Training: accuracy=0.995522
[Epoch 9 Batch 250] Training: accuracy=0.995139
[Epoch 9 Batch 300] Training: accuracy=0.994983
[Epoch 9 Batch 350] Training: accuracy=0.995128
[Epoch 9 Batch 400] Training: accuracy=0.995137
[Epoch 9 Batch 450] Training: accuracy=0.995122
[Epoch 9 Batch 500] Training: accuracy=0.994970
[Epoch 9 Batch 550] Training: accuracy=0.994918
[Epoch 9] Trianing Time: 82.8425478935 s
[Epoch 9] Training: accuracy=0.994883
[Epoch 9] Validation: accuracy=0.980300
[Epoch 10 Batch 50] Training: accuracy=0.994510
[Epoch 10 Batch 100] Training: accuracy=0.995050
[Epoch 10 Batch 150] Training: accuracy=0.995629
[Epoch 10 Batch 200] Training: accuracy=0.995672
[Epoch 10 Batch 250] Training: accuracy=0.995618
[Epoch 10 Batch 300] Training: accuracy=0.995648
[Epoch 10 Batch 350] Training: accuracy=0.995954
[Epoch 10 Batch 400] Training: accuracy=0.996010
[Epoch 10 Batch 450] Training: accuracy=0.995676
[Epoch 10 Batch 500] Training: accuracy=0.995729
[Epoch 10 Batch 550] Training: accuracy=0.995499
[Epoch 10] Trianing Time: 82.4756779671 s
[Epoch 10] Training: accuracy=0.995283
[Epoch 10] Validation: accuracy=0.979700
[Epoch 11 Batch 50] Training: accuracy=0.995098
[Epoch 11 Batch 100] Training: accuracy=0.996733
[Epoch 11 Batch 150] Training: accuracy=0.996887
[Epoch 11 Batch 200] Training: accuracy=0.997015
[Epoch 11 Batch 250] Training: accuracy=0.996972
[Epoch 11 Batch 300] Training: accuracy=0.996744
[Epoch 11 Batch 350] Training: accuracy=0.996638
[Epoch 11 Batch 400] Training: accuracy=0.996484
[Epoch 11 Batch 450] Training: accuracy=0.996341
[Epoch 11 Batch 500] Training: accuracy=0.996248
[Epoch 11 Batch 550] Training: accuracy=0.995953
[Epoch 11] Trianing Time: 83.6379239559 s
[Epoch 11] Training: accuracy=0.995900
[Epoch 11] Validation: accuracy=0.981600
[Epoch 12 Batch 50] Training: accuracy=0.998627
[Epoch 12 Batch 100] Training: accuracy=0.998119
[Epoch 12 Batch 150] Training: accuracy=0.997616
[Epoch 12 Batch 200] Training: accuracy=0.997463
[Epoch 12 Batch 250] Training: accuracy=0.997809
[Epoch 12 Batch 300] Training: accuracy=0.997674
[Epoch 12 Batch 350] Training: accuracy=0.997550
[Epoch 12 Batch 400] Training: accuracy=0.997332
[Epoch 12 Batch 450] Training: accuracy=0.997384
[Epoch 12 Batch 500] Training: accuracy=0.997425
[Epoch 12 Batch 550] Training: accuracy=0.997005
[Epoch 12] Trianing Time: 80.979019165 s
[Epoch 12] Training: accuracy=0.997067
[Epoch 12] Validation: accuracy=0.981600
[Epoch 13 Batch 50] Training: accuracy=0.998039
[Epoch 13 Batch 100] Training: accuracy=0.998317
[Epoch 13 Batch 150] Training: accuracy=0.998543
[Epoch 13 Batch 200] Training: accuracy=0.998507
[Epoch 13 Batch 250] Training: accuracy=0.998606
[Epoch 13 Batch 300] Training: accuracy=0.998638
[Epoch 13 Batch 350] Training: accuracy=0.998376
[Epoch 13 Batch 400] Training: accuracy=0.998454
[Epoch 13 Batch 450] Training: accuracy=0.998426
[Epoch 13 Batch 500] Training: accuracy=0.998383
[Epoch 13 Batch 550] Training: accuracy=0.998457
[Epoch 13] Trianing Time: 82.7859818935 s
[Epoch 13] Training: accuracy=0.998450
[Epoch 13] Validation: accuracy=0.984100
[Epoch 14 Batch 50] Training: accuracy=0.999608
[Epoch 14 Batch 100] Training: accuracy=0.999703
[Epoch 14 Batch 150] Training: accuracy=0.999338
[Epoch 14 Batch 200] Training: accuracy=0.999303
[Epoch 14 Batch 250] Training: accuracy=0.999363
[Epoch 14 Batch 300] Training: accuracy=0.999203
[Epoch 14 Batch 350] Training: accuracy=0.999003
[Epoch 14 Batch 400] Training: accuracy=0.998778
[Epoch 14 Batch 450] Training: accuracy=0.998692
[Epoch 14 Batch 500] Training: accuracy=0.998683
[Epoch 14 Batch 550] Training: accuracy=0.998730
[Epoch 14] Trianing Time: 81.4539699554 s
[Epoch 14] Training: accuracy=0.998817
[Epoch 14] Validation: accuracy=0.983300
[Epoch 15 Batch 50] Training: accuracy=0.999412
[Epoch 15 Batch 100] Training: accuracy=0.999406
[Epoch 15 Batch 150] Training: accuracy=0.999404
[Epoch 15 Batch 200] Training: accuracy=0.999552
[Epoch 15 Batch 250] Training: accuracy=0.999641
[Epoch 15 Batch 300] Training: accuracy=0.999701
[Epoch 15 Batch 350] Training: accuracy=0.999744
[Epoch 15 Batch 400] Training: accuracy=0.999726
[Epoch 15 Batch 450] Training: accuracy=0.999756
[Epoch 15 Batch 500] Training: accuracy=0.999780
[Epoch 15 Batch 550] Training: accuracy=0.999800
[Epoch 15] Trianing Time: 84.3635749817 s
[Epoch 15] Training: accuracy=0.999767
[Epoch 15] Validation: accuracy=0.984100
[Epoch 16 Batch 50] Training: accuracy=0.999804
[Epoch 16 Batch 100] Training: accuracy=0.999802
[Epoch 16 Batch 150] Training: accuracy=0.999801
[Epoch 16 Batch 200] Training: accuracy=0.999851
[Epoch 16 Batch 250] Training: accuracy=0.999880
[Epoch 16 Batch 300] Training: accuracy=0.999867
[Epoch 16 Batch 350] Training: accuracy=0.999886
[Epoch 16 Batch 400] Training: accuracy=0.999900
[Epoch 16 Batch 450] Training: accuracy=0.999911
[Epoch 16 Batch 500] Training: accuracy=0.999900
[Epoch 16 Batch 550] Training: accuracy=0.999909
[Epoch 16] Trianing Time: 83.5039670467 s
[Epoch 16] Training: accuracy=0.999917
[Epoch 16] Validation: accuracy=0.984500
[Epoch 17 Batch 50] Training: accuracy=1.000000
[Epoch 17 Batch 100] Training: accuracy=1.000000
[Epoch 17 Batch 150] Training: accuracy=1.000000
[Epoch 17 Batch 200] Training: accuracy=1.000000
[Epoch 17 Batch 250] Training: accuracy=1.000000
[Epoch 17 Batch 300] Training: accuracy=1.000000
[Epoch 17 Batch 350] Training: accuracy=1.000000
[Epoch 17 Batch 400] Training: accuracy=1.000000
[Epoch 17 Batch 450] Training: accuracy=1.000000
[Epoch 17 Batch 500] Training: accuracy=1.000000
[Epoch 17 Batch 550] Training: accuracy=1.000000
[Epoch 17] Trianing Time: 83.5668900013 s
[Epoch 17] Training: accuracy=1.000000
[Epoch 17] Validation: accuracy=0.984800
[Epoch 18 Batch 50] Training: accuracy=1.000000
[Epoch 18 Batch 100] Training: accuracy=1.000000
[Epoch 18 Batch 150] Training: accuracy=1.000000
[Epoch 18 Batch 200] Training: accuracy=1.000000
[Epoch 18 Batch 250] Training: accuracy=1.000000
[Epoch 18 Batch 300] Training: accuracy=1.000000
[Epoch 18 Batch 350] Training: accuracy=1.000000
[Epoch 18 Batch 400] Training: accuracy=1.000000
[Epoch 18 Batch 450] Training: accuracy=1.000000
[Epoch 18 Batch 500] Training: accuracy=1.000000
[Epoch 18 Batch 550] Training: accuracy=1.000000
[Epoch 18] Trianing Time: 81.0916140079 s
[Epoch 18] Training: accuracy=1.000000
[Epoch 18] Validation: accuracy=0.984700
[Epoch 19 Batch 50] Training: accuracy=1.000000
[Epoch 19 Batch 100] Training: accuracy=1.000000
[Epoch 19 Batch 150] Training: accuracy=1.000000
[Epoch 19 Batch 200] Training: accuracy=1.000000
[Epoch 19 Batch 250] Training: accuracy=1.000000
[Epoch 19 Batch 300] Training: accuracy=1.000000
[Epoch 19 Batch 350] Training: accuracy=1.000000
[Epoch 19 Batch 400] Training: accuracy=1.000000
[Epoch 19 Batch 450] Training: accuracy=1.000000
[Epoch 19 Batch 500] Training: accuracy=1.000000
[Epoch 19 Batch 550] Training: accuracy=1.000000
[Epoch 19] Trianing Time: 144.098124981 s
[Epoch 19] Training: accuracy=1.000000
[Epoch 19] Validation: accuracy=0.985000
[Epoch 20 Batch 50] Training: accuracy=1.000000
[Epoch 20 Batch 100] Training: accuracy=1.000000
[Epoch 20 Batch 150] Training: accuracy=1.000000
[Epoch 20 Batch 200] Training: accuracy=1.000000
[Epoch 20 Batch 250] Training: accuracy=1.000000
[Epoch 20 Batch 300] Training: accuracy=1.000000
[Epoch 20 Batch 350] Training: accuracy=1.000000
[Epoch 20 Batch 400] Training: accuracy=1.000000
[Epoch 20 Batch 450] Training: accuracy=1.000000
[Epoch 20 Batch 500] Training: accuracy=1.000000
[Epoch 20 Batch 550] Training: accuracy=1.000000
[Epoch 20] Trianing Time: 85.9473001957 s
[Epoch 20] Training: accuracy=1.000000
[Epoch 20] Validation: accuracy=0.984900
[Epoch 21 Batch 50] Training: accuracy=1.000000
[Epoch 21 Batch 100] Training: accuracy=1.000000
[Epoch 21 Batch 150] Training: accuracy=1.000000
[Epoch 21 Batch 200] Training: accuracy=1.000000
[Epoch 21 Batch 250] Training: accuracy=1.000000
[Epoch 21 Batch 300] Training: accuracy=1.000000
[Epoch 21 Batch 350] Training: accuracy=1.000000
[Epoch 21 Batch 400] Training: accuracy=1.000000
[Epoch 21 Batch 450] Training: accuracy=1.000000
[Epoch 21 Batch 500] Training: accuracy=1.000000
[Epoch 21 Batch 550] Training: accuracy=1.000000
[Epoch 21] Trianing Time: 87.7296059132 s
[Epoch 21] Training: accuracy=1.000000
[Epoch 21] Validation: accuracy=0.984900
[Epoch 22 Batch 50] Training: accuracy=1.000000
[Epoch 22 Batch 100] Training: accuracy=1.000000
[Epoch 22 Batch 150] Training: accuracy=1.000000
[Epoch 22 Batch 200] Training: accuracy=1.000000
[Epoch 22 Batch 250] Training: accuracy=1.000000
[Epoch 22 Batch 300] Training: accuracy=1.000000
[Epoch 22 Batch 350] Training: accuracy=1.000000
[Epoch 22 Batch 400] Training: accuracy=1.000000
[Epoch 22 Batch 450] Training: accuracy=1.000000
[Epoch 22 Batch 500] Training: accuracy=1.000000
[Epoch 22 Batch 550] Training: accuracy=1.000000
[Epoch 22] Trianing Time: 140.584259987 s
[Epoch 22] Training: accuracy=1.000000
[Epoch 22] Validation: accuracy=0.985200
[Epoch 23 Batch 50] Training: accuracy=1.000000
[Epoch 23 Batch 100] Training: accuracy=1.000000
[Epoch 23 Batch 150] Training: accuracy=1.000000
[Epoch 23 Batch 200] Training: accuracy=1.000000
[Epoch 23 Batch 250] Training: accuracy=1.000000
[Epoch 23 Batch 300] Training: accuracy=1.000000
[Epoch 23 Batch 350] Training: accuracy=1.000000
[Epoch 23 Batch 400] Training: accuracy=1.000000
[Epoch 23 Batch 450] Training: accuracy=1.000000
[Epoch 23 Batch 500] Training: accuracy=1.000000
[Epoch 23 Batch 550] Training: accuracy=1.000000
[Epoch 23] Trianing Time: 80.8473680019 s
[Epoch 23] Training: accuracy=1.000000
[Epoch 23] Validation: accuracy=0.984900
[Epoch 24 Batch 50] Training: accuracy=1.000000
[Epoch 24 Batch 100] Training: accuracy=1.000000
[Epoch 24 Batch 150] Training: accuracy=1.000000
[Epoch 24 Batch 200] Training: accuracy=1.000000
[Epoch 24 Batch 250] Training: accuracy=1.000000
[Epoch 24 Batch 300] Training: accuracy=1.000000
[Epoch 24 Batch 350] Training: accuracy=1.000000
[Epoch 24 Batch 400] Training: accuracy=1.000000
[Epoch 24 Batch 450] Training: accuracy=1.000000
[Epoch 24 Batch 500] Training: accuracy=1.000000
[Epoch 24 Batch 550] Training: accuracy=1.000000
[Epoch 24] Trianing Time: 82.5737490654 s
[Epoch 24] Training: accuracy=1.000000
[Epoch 24] Validation: accuracy=0.985200
[Epoch 25 Batch 50] Training: accuracy=1.000000
[Epoch 25 Batch 100] Training: accuracy=1.000000
[Epoch 25 Batch 150] Training: accuracy=1.000000
[Epoch 25 Batch 200] Training: accuracy=1.000000
[Epoch 25 Batch 250] Training: accuracy=1.000000
[Epoch 25 Batch 300] Training: accuracy=1.000000
[Epoch 25 Batch 350] Training: accuracy=1.000000
[Epoch 25 Batch 400] Training: accuracy=1.000000
[Epoch 25 Batch 450] Training: accuracy=1.000000
[Epoch 25 Batch 500] Training: accuracy=1.000000
[Epoch 25 Batch 550] Training: accuracy=1.000000
[Epoch 25] Trianing Time: 82.7034249306 s
[Epoch 25] Training: accuracy=1.000000
[Epoch 25] Validation: accuracy=0.985200
[Epoch 26 Batch 50] Training: accuracy=1.000000
[Epoch 26 Batch 100] Training: accuracy=1.000000
[Epoch 26 Batch 150] Training: accuracy=1.000000
[Epoch 26 Batch 200] Training: accuracy=1.000000
[Epoch 26 Batch 250] Training: accuracy=1.000000
[Epoch 26 Batch 300] Training: accuracy=1.000000
[Epoch 26 Batch 350] Training: accuracy=1.000000
[Epoch 26 Batch 400] Training: accuracy=1.000000
[Epoch 26 Batch 450] Training: accuracy=1.000000
[Epoch 26 Batch 500] Training: accuracy=1.000000
[Epoch 26 Batch 550] Training: accuracy=1.000000
[Epoch 26] Trianing Time: 80.4204368591 s
[Epoch 26] Training: accuracy=1.000000
[Epoch 26] Validation: accuracy=0.984900
[Epoch 27 Batch 50] Training: accuracy=1.000000
[Epoch 27 Batch 100] Training: accuracy=1.000000
[Epoch 27 Batch 150] Training: accuracy=1.000000
[Epoch 27 Batch 200] Training: accuracy=1.000000
[Epoch 27 Batch 250] Training: accuracy=1.000000
[Epoch 27 Batch 300] Training: accuracy=1.000000
[Epoch 27 Batch 350] Training: accuracy=1.000000
[Epoch 27 Batch 400] Training: accuracy=1.000000
[Epoch 27 Batch 450] Training: accuracy=1.000000
[Epoch 27 Batch 500] Training: accuracy=1.000000
[Epoch 27 Batch 550] Training: accuracy=1.000000
[Epoch 27] Trianing Time: 81.9468841553 s
[Epoch 27] Training: accuracy=1.000000
[Epoch 27] Validation: accuracy=0.985000
[Epoch 28 Batch 50] Training: accuracy=1.000000
[Epoch 28 Batch 100] Training: accuracy=1.000000
[Epoch 28 Batch 150] Training: accuracy=1.000000
[Epoch 28 Batch 200] Training: accuracy=1.000000
[Epoch 28 Batch 250] Training: accuracy=1.000000
[Epoch 28 Batch 300] Training: accuracy=1.000000
[Epoch 28 Batch 350] Training: accuracy=1.000000
[Epoch 28 Batch 400] Training: accuracy=1.000000
[Epoch 28 Batch 450] Training: accuracy=1.000000
[Epoch 28 Batch 500] Training: accuracy=1.000000
[Epoch 28 Batch 550] Training: accuracy=1.000000
[Epoch 28] Trianing Time: 85.0797851086 s
[Epoch 28] Training: accuracy=1.000000
[Epoch 28] Validation: accuracy=0.985200
[Epoch 29 Batch 50] Training: accuracy=1.000000
[Epoch 29 Batch 100] Training: accuracy=1.000000
[Epoch 29 Batch 150] Training: accuracy=1.000000
[Epoch 29 Batch 200] Training: accuracy=1.000000
[Epoch 29 Batch 250] Training: accuracy=1.000000
[Epoch 29 Batch 300] Training: accuracy=1.000000
[Epoch 29 Batch 350] Training: accuracy=1.000000
[Epoch 29 Batch 400] Training: accuracy=1.000000
[Epoch 29 Batch 450] Training: accuracy=1.000000
[Epoch 29 Batch 500] Training: accuracy=1.000000
[Epoch 29 Batch 550] Training: accuracy=1.000000
[Epoch 29] Trianing Time: 83.4269981384 s
[Epoch 29] Training: accuracy=1.000000
[Epoch 29] Validation: accuracy=0.985100
Traceback (most recent call last):
  File "mnist.py", line 148, in <module>
    train(opt.epochs, ctx)
  File "mnist.py", line 140, in train
    net.save_parameters('mnist.params')
AttributeError: 'Sequential' object has no attribute 'save_parameters'
