/media/tx-deepocean/sdc/zs/projects/LookaheadOptimizer-mx/mxnet/gluon/data/vision/datasets.py:118: DeprecationWarning: The binary mode of fromstring is deprecated, as it behaves surprisingly on unicode inputs. Use frombuffer instead
  label = np.fromstring(fin.read(), dtype=np.uint8).astype(np.int32)
/media/tx-deepocean/sdc/zs/projects/LookaheadOptimizer-mx/mxnet/gluon/data/vision/datasets.py:122: DeprecationWarning: The binary mode of fromstring is deprecated, as it behaves surprisingly on unicode inputs. Use frombuffer instead
  data = np.fromstring(fin.read(), dtype=np.uint8)
[Epoch 0 Batch 50] Training: accuracy=0.733137
[Epoch 0 Batch 100] Training: accuracy=0.807030
[Epoch 0 Batch 150] Training: accuracy=0.841921
[Epoch 0 Batch 200] Training: accuracy=0.862537
[Epoch 0 Batch 250] Training: accuracy=0.874821
[Epoch 0 Batch 300] Training: accuracy=0.885150
[Epoch 0 Batch 350] Training: accuracy=0.893162
[Epoch 0 Batch 400] Training: accuracy=0.900574
[Epoch 0 Batch 450] Training: accuracy=0.905765
[Epoch 0 Batch 500] Training: accuracy=0.910259
[Epoch 0 Batch 550] Training: accuracy=0.914265
[Epoch 0] Trianing Time: 7.58090400696 s
[Epoch 0] Training: accuracy=0.918000
[Epoch 0] Validation: accuracy=0.946900
[Epoch 1 Batch 50] Training: accuracy=0.968627
[Epoch 1 Batch 100] Training: accuracy=0.964356
[Epoch 1 Batch 150] Training: accuracy=0.964503
[Epoch 1 Batch 200] Training: accuracy=0.964975
[Epoch 1 Batch 250] Training: accuracy=0.963147
[Epoch 1 Batch 300] Training: accuracy=0.963056
[Epoch 1 Batch 350] Training: accuracy=0.963077
[Epoch 1 Batch 400] Training: accuracy=0.963292
[Epoch 1 Batch 450] Training: accuracy=0.963836
[Epoch 1 Batch 500] Training: accuracy=0.964471
[Epoch 1 Batch 550] Training: accuracy=0.964900
[Epoch 1] Trianing Time: 6.45817279816 s
[Epoch 1] Training: accuracy=0.964850
[Epoch 1] Validation: accuracy=0.971800
[Epoch 2 Batch 50] Training: accuracy=0.978627
[Epoch 2 Batch 100] Training: accuracy=0.977129
[Epoch 2 Batch 150] Training: accuracy=0.976159
[Epoch 2 Batch 200] Training: accuracy=0.977114
[Epoch 2 Batch 250] Training: accuracy=0.976813
[Epoch 2 Batch 300] Training: accuracy=0.977043
[Epoch 2 Batch 350] Training: accuracy=0.976353
[Epoch 2 Batch 400] Training: accuracy=0.975985
[Epoch 2 Batch 450] Training: accuracy=0.975942
[Epoch 2 Batch 500] Training: accuracy=0.975928
[Epoch 2 Batch 550] Training: accuracy=0.975662
[Epoch 2] Trianing Time: 6.52437114716 s
[Epoch 2] Training: accuracy=0.975683
[Epoch 2] Validation: accuracy=0.972500
[Epoch 3 Batch 50] Training: accuracy=0.979412
[Epoch 3 Batch 100] Training: accuracy=0.981089
[Epoch 3 Batch 150] Training: accuracy=0.981391
[Epoch 3 Batch 200] Training: accuracy=0.980896
[Epoch 3 Batch 250] Training: accuracy=0.981116
[Epoch 3 Batch 300] Training: accuracy=0.980698
[Epoch 3 Batch 350] Training: accuracy=0.980741
[Epoch 3 Batch 400] Training: accuracy=0.980848
[Epoch 3 Batch 450] Training: accuracy=0.980599
[Epoch 3 Batch 500] Training: accuracy=0.980000
[Epoch 3 Batch 550] Training: accuracy=0.979782
[Epoch 3] Trianing Time: 6.44162511826 s
[Epoch 3] Training: accuracy=0.979367
[Epoch 3] Validation: accuracy=0.967500
[Epoch 4 Batch 50] Training: accuracy=0.983137
[Epoch 4 Batch 100] Training: accuracy=0.984257
[Epoch 4 Batch 150] Training: accuracy=0.984106
[Epoch 4 Batch 200] Training: accuracy=0.984627
[Epoch 4 Batch 250] Training: accuracy=0.985100
[Epoch 4 Batch 300] Training: accuracy=0.984651
[Epoch 4 Batch 350] Training: accuracy=0.984672
[Epoch 4 Batch 400] Training: accuracy=0.984564
[Epoch 4 Batch 450] Training: accuracy=0.984169
[Epoch 4 Batch 500] Training: accuracy=0.984192
[Epoch 4 Batch 550] Training: accuracy=0.983866
[Epoch 4] Trianing Time: 6.4253718853 s
[Epoch 4] Training: accuracy=0.983417
[Epoch 4] Validation: accuracy=0.974500
[Epoch 5 Batch 50] Training: accuracy=0.987451
[Epoch 5 Batch 100] Training: accuracy=0.988218
[Epoch 5 Batch 150] Training: accuracy=0.988808
[Epoch 5 Batch 200] Training: accuracy=0.988458
[Epoch 5 Batch 250] Training: accuracy=0.987649
[Epoch 5 Batch 300] Training: accuracy=0.986977
[Epoch 5 Batch 350] Training: accuracy=0.986980
[Epoch 5 Batch 400] Training: accuracy=0.986060
[Epoch 5 Batch 450] Training: accuracy=0.985898
[Epoch 5 Batch 500] Training: accuracy=0.985808
[Epoch 5 Batch 550] Training: accuracy=0.985808
[Epoch 5] Trianing Time: 6.47509288788 s
[Epoch 5] Training: accuracy=0.985850
[Epoch 5] Validation: accuracy=0.975500
[Epoch 6 Batch 50] Training: accuracy=0.992549
[Epoch 6 Batch 100] Training: accuracy=0.991881
[Epoch 6 Batch 150] Training: accuracy=0.990993
[Epoch 6 Batch 200] Training: accuracy=0.989652
[Epoch 6 Batch 250] Training: accuracy=0.989681
[Epoch 6 Batch 300] Training: accuracy=0.989900
[Epoch 6 Batch 350] Training: accuracy=0.989858
[Epoch 6 Batch 400] Training: accuracy=0.989701
[Epoch 6 Batch 450] Training: accuracy=0.989135
[Epoch 6 Batch 500] Training: accuracy=0.988583
[Epoch 6 Batch 550] Training: accuracy=0.988711
[Epoch 6] Trianing Time: 6.71633505821 s
[Epoch 6] Training: accuracy=0.988000
[Epoch 6] Validation: accuracy=0.973600
[Epoch 7 Batch 50] Training: accuracy=0.992353
[Epoch 7 Batch 100] Training: accuracy=0.991980
[Epoch 7 Batch 150] Training: accuracy=0.990265
[Epoch 7 Batch 200] Training: accuracy=0.989502
[Epoch 7 Batch 250] Training: accuracy=0.989522
[Epoch 7 Batch 300] Training: accuracy=0.989535
[Epoch 7 Batch 350] Training: accuracy=0.989801
[Epoch 7 Batch 400] Training: accuracy=0.989825
[Epoch 7 Batch 450] Training: accuracy=0.989557
[Epoch 7 Batch 500] Training: accuracy=0.989042
[Epoch 7 Batch 550] Training: accuracy=0.988820
[Epoch 7] Trianing Time: 6.55678796768 s
[Epoch 7] Training: accuracy=0.988683
[Epoch 7] Validation: accuracy=0.977200
[Epoch 8 Batch 50] Training: accuracy=0.993922
[Epoch 8 Batch 100] Training: accuracy=0.991584
[Epoch 8 Batch 150] Training: accuracy=0.991523
[Epoch 8 Batch 200] Training: accuracy=0.991741
[Epoch 8 Batch 250] Training: accuracy=0.991594
[Epoch 8 Batch 300] Training: accuracy=0.991229
[Epoch 8 Batch 350] Training: accuracy=0.991140
[Epoch 8 Batch 400] Training: accuracy=0.990623
[Epoch 8 Batch 450] Training: accuracy=0.990244
[Epoch 8 Batch 500] Training: accuracy=0.990020
[Epoch 8 Batch 550] Training: accuracy=0.989619
[Epoch 8] Trianing Time: 6.36044216156 s
[Epoch 8] Training: accuracy=0.989533
[Epoch 8] Validation: accuracy=0.971100
[Epoch 9 Batch 50] Training: accuracy=0.987843
[Epoch 9 Batch 100] Training: accuracy=0.990396
[Epoch 9 Batch 150] Training: accuracy=0.991391
[Epoch 9 Batch 200] Training: accuracy=0.991144
[Epoch 9 Batch 250] Training: accuracy=0.991355
[Epoch 9 Batch 300] Training: accuracy=0.991694
[Epoch 9 Batch 350] Training: accuracy=0.991738
[Epoch 9 Batch 400] Training: accuracy=0.991297
[Epoch 9 Batch 450] Training: accuracy=0.991197
[Epoch 9 Batch 500] Training: accuracy=0.990878
[Epoch 9 Batch 550] Training: accuracy=0.990690
[Epoch 9] Trianing Time: 6.3755800724 s
[Epoch 9] Training: accuracy=0.990467
[Epoch 9] Validation: accuracy=0.975400
[Epoch 10 Batch 50] Training: accuracy=0.991569
[Epoch 10 Batch 100] Training: accuracy=0.990396
[Epoch 10 Batch 150] Training: accuracy=0.990066
[Epoch 10 Batch 200] Training: accuracy=0.990448
[Epoch 10 Batch 250] Training: accuracy=0.990757
[Epoch 10 Batch 300] Training: accuracy=0.990465
[Epoch 10 Batch 350] Training: accuracy=0.990627
[Epoch 10 Batch 400] Training: accuracy=0.990898
[Epoch 10 Batch 450] Training: accuracy=0.991086
[Epoch 10 Batch 500] Training: accuracy=0.991078
[Epoch 10 Batch 550] Training: accuracy=0.990907
[Epoch 10] Trianing Time: 6.46723008156 s
[Epoch 10] Training: accuracy=0.990933
[Epoch 10] Validation: accuracy=0.973000
[Epoch 11 Batch 50] Training: accuracy=0.990784
[Epoch 11 Batch 100] Training: accuracy=0.992673
[Epoch 11 Batch 150] Training: accuracy=0.993311
[Epoch 11 Batch 200] Training: accuracy=0.993134
[Epoch 11 Batch 250] Training: accuracy=0.993108
[Epoch 11 Batch 300] Training: accuracy=0.992890
[Epoch 11 Batch 350] Training: accuracy=0.992792
[Epoch 11 Batch 400] Training: accuracy=0.992319
[Epoch 11 Batch 450] Training: accuracy=0.992151
[Epoch 11 Batch 500] Training: accuracy=0.992056
[Epoch 11 Batch 550] Training: accuracy=0.991815
[Epoch 11] Trianing Time: 6.46093177795 s
[Epoch 11] Training: accuracy=0.991833
[Epoch 11] Validation: accuracy=0.974900
[Epoch 12 Batch 50] Training: accuracy=0.993922
[Epoch 12 Batch 100] Training: accuracy=0.994653
[Epoch 12 Batch 150] Training: accuracy=0.994768
[Epoch 12 Batch 200] Training: accuracy=0.994129
[Epoch 12 Batch 250] Training: accuracy=0.993705
[Epoch 12 Batch 300] Training: accuracy=0.993289
[Epoch 12 Batch 350] Training: accuracy=0.992707
[Epoch 12 Batch 400] Training: accuracy=0.992369
[Epoch 12 Batch 450] Training: accuracy=0.992417
[Epoch 12 Batch 500] Training: accuracy=0.992375
[Epoch 12 Batch 550] Training: accuracy=0.992196
[Epoch 12] Trianing Time: 6.43363499641 s
[Epoch 12] Training: accuracy=0.992000
[Epoch 12] Validation: accuracy=0.975000
[Epoch 13 Batch 50] Training: accuracy=0.991961
[Epoch 13 Batch 100] Training: accuracy=0.993168
[Epoch 13 Batch 150] Training: accuracy=0.993046
[Epoch 13 Batch 200] Training: accuracy=0.992637
[Epoch 13 Batch 250] Training: accuracy=0.992869
[Epoch 13 Batch 300] Training: accuracy=0.993156
[Epoch 13 Batch 350] Training: accuracy=0.993191
[Epoch 13 Batch 400] Training: accuracy=0.993167
[Epoch 13 Batch 450] Training: accuracy=0.992772
[Epoch 13 Batch 500] Training: accuracy=0.992774
[Epoch 13 Batch 550] Training: accuracy=0.992704
[Epoch 13] Trianing Time: 6.42505097389 s
[Epoch 13] Training: accuracy=0.992733
[Epoch 13] Validation: accuracy=0.976300
[Epoch 14 Batch 50] Training: accuracy=0.994706
[Epoch 14 Batch 100] Training: accuracy=0.995545
[Epoch 14 Batch 150] Training: accuracy=0.995497
[Epoch 14 Batch 200] Training: accuracy=0.995473
[Epoch 14 Batch 250] Training: accuracy=0.995498
[Epoch 14 Batch 300] Training: accuracy=0.995449
[Epoch 14 Batch 350] Training: accuracy=0.995214
[Epoch 14 Batch 400] Training: accuracy=0.995037
[Epoch 14 Batch 450] Training: accuracy=0.995033
[Epoch 14 Batch 500] Training: accuracy=0.994850
[Epoch 14 Batch 550] Training: accuracy=0.994791
[Epoch 14] Trianing Time: 6.4447350502 s
[Epoch 14] Training: accuracy=0.994700
[Epoch 14] Validation: accuracy=0.975900
[Epoch 15 Batch 50] Training: accuracy=0.994118
[Epoch 15 Batch 100] Training: accuracy=0.994554
[Epoch 15 Batch 150] Training: accuracy=0.995099
[Epoch 15 Batch 200] Training: accuracy=0.995522
[Epoch 15 Batch 250] Training: accuracy=0.995777
[Epoch 15 Batch 300] Training: accuracy=0.995914
[Epoch 15 Batch 350] Training: accuracy=0.995954
[Epoch 15 Batch 400] Training: accuracy=0.995810
[Epoch 15 Batch 450] Training: accuracy=0.995787
[Epoch 15 Batch 500] Training: accuracy=0.995469
[Epoch 15 Batch 550] Training: accuracy=0.995263
[Epoch 15] Trianing Time: 6.40609383583 s
[Epoch 15] Training: accuracy=0.995083
[Epoch 15] Validation: accuracy=0.978000
[Epoch 16 Batch 50] Training: accuracy=0.995098
[Epoch 16 Batch 100] Training: accuracy=0.994554
[Epoch 16 Batch 150] Training: accuracy=0.994768
[Epoch 16 Batch 200] Training: accuracy=0.995025
[Epoch 16 Batch 250] Training: accuracy=0.994622
[Epoch 16 Batch 300] Training: accuracy=0.994252
[Epoch 16 Batch 350] Training: accuracy=0.994074
[Epoch 16 Batch 400] Training: accuracy=0.994015
[Epoch 16 Batch 450] Training: accuracy=0.993836
[Epoch 16 Batch 500] Training: accuracy=0.993872
[Epoch 16 Batch 550] Training: accuracy=0.993866
[Epoch 16] Trianing Time: 6.39054107666 s
[Epoch 16] Training: accuracy=0.993850
[Epoch 16] Validation: accuracy=0.975200
[Epoch 17 Batch 50] Training: accuracy=0.993725
[Epoch 17 Batch 100] Training: accuracy=0.994158
[Epoch 17 Batch 150] Training: accuracy=0.993907
[Epoch 17 Batch 200] Training: accuracy=0.994030
[Epoch 17 Batch 250] Training: accuracy=0.994104
[Epoch 17 Batch 300] Training: accuracy=0.993920
[Epoch 17 Batch 350] Training: accuracy=0.994103
[Epoch 17 Batch 400] Training: accuracy=0.994190
[Epoch 17 Batch 450] Training: accuracy=0.994035
[Epoch 17 Batch 500] Training: accuracy=0.994072
[Epoch 17 Batch 550] Training: accuracy=0.993757
[Epoch 17] Trianing Time: 6.31984806061 s
[Epoch 17] Training: accuracy=0.993800
[Epoch 17] Validation: accuracy=0.975800
[Epoch 18 Batch 50] Training: accuracy=0.992745
[Epoch 18 Batch 100] Training: accuracy=0.992574
[Epoch 18 Batch 150] Training: accuracy=0.993444
[Epoch 18 Batch 200] Training: accuracy=0.993632
[Epoch 18 Batch 250] Training: accuracy=0.993745
[Epoch 18 Batch 300] Training: accuracy=0.994020
[Epoch 18 Batch 350] Training: accuracy=0.993846
[Epoch 18 Batch 400] Training: accuracy=0.993666
[Epoch 18 Batch 450] Training: accuracy=0.993592
[Epoch 18 Batch 500] Training: accuracy=0.993613
[Epoch 18 Batch 550] Training: accuracy=0.993521
[Epoch 18] Trianing Time: 6.816147089 s
[Epoch 18] Training: accuracy=0.993600
[Epoch 18] Validation: accuracy=0.979100
[Epoch 19 Batch 50] Training: accuracy=0.996863
[Epoch 19 Batch 100] Training: accuracy=0.996337
[Epoch 19 Batch 150] Training: accuracy=0.995960
[Epoch 19 Batch 200] Training: accuracy=0.995970
[Epoch 19 Batch 250] Training: accuracy=0.995976
[Epoch 19 Batch 300] Training: accuracy=0.995748
[Epoch 19 Batch 350] Training: accuracy=0.995584
[Epoch 19 Batch 400] Training: accuracy=0.995187
[Epoch 19 Batch 450] Training: accuracy=0.995011
[Epoch 19 Batch 500] Training: accuracy=0.994850
[Epoch 19 Batch 550] Training: accuracy=0.994465
[Epoch 19] Trianing Time: 6.5797970295 s
[Epoch 19] Training: accuracy=0.994300
[Epoch 19] Validation: accuracy=0.978800
[Epoch 20 Batch 50] Training: accuracy=0.995098
[Epoch 20 Batch 100] Training: accuracy=0.994257
[Epoch 20 Batch 150] Training: accuracy=0.993907
[Epoch 20 Batch 200] Training: accuracy=0.994229
[Epoch 20 Batch 250] Training: accuracy=0.994622
[Epoch 20 Batch 300] Training: accuracy=0.994618
[Epoch 20 Batch 350] Training: accuracy=0.994644
[Epoch 20 Batch 400] Training: accuracy=0.994738
[Epoch 20 Batch 450] Training: accuracy=0.994678
[Epoch 20 Batch 500] Training: accuracy=0.994451
[Epoch 20 Batch 550] Training: accuracy=0.994211
[Epoch 20] Trianing Time: 6.4067530632 s
[Epoch 20] Training: accuracy=0.994117
[Epoch 20] Validation: accuracy=0.977500
[Epoch 21 Batch 50] Training: accuracy=0.997647
[Epoch 21 Batch 100] Training: accuracy=0.996931
[Epoch 21 Batch 150] Training: accuracy=0.996159
[Epoch 21 Batch 200] Training: accuracy=0.995473
[Epoch 21 Batch 250] Training: accuracy=0.995179
[Epoch 21 Batch 300] Training: accuracy=0.995449
[Epoch 21 Batch 350] Training: accuracy=0.995014
[Epoch 21 Batch 400] Training: accuracy=0.994888
[Epoch 21 Batch 450] Training: accuracy=0.994834
[Epoch 21 Batch 500] Training: accuracy=0.994790
[Epoch 21 Batch 550] Training: accuracy=0.994846
[Epoch 21] Trianing Time: 6.46052980423 s
[Epoch 21] Training: accuracy=0.994650
[Epoch 21] Validation: accuracy=0.974400
[Epoch 22 Batch 50] Training: accuracy=0.991961
[Epoch 22 Batch 100] Training: accuracy=0.994158
[Epoch 22 Batch 150] Training: accuracy=0.994040
[Epoch 22 Batch 200] Training: accuracy=0.994179
[Epoch 22 Batch 250] Training: accuracy=0.994303
[Epoch 22 Batch 300] Training: accuracy=0.994352
[Epoch 22 Batch 350] Training: accuracy=0.994245
[Epoch 22 Batch 400] Training: accuracy=0.994364
[Epoch 22 Batch 450] Training: accuracy=0.994080
[Epoch 22 Batch 500] Training: accuracy=0.993832
[Epoch 22 Batch 550] Training: accuracy=0.993575
[Epoch 22] Trianing Time: 6.34951400757 s
[Epoch 22] Training: accuracy=0.993567
[Epoch 22] Validation: accuracy=0.974200
[Epoch 23 Batch 50] Training: accuracy=0.992157
[Epoch 23 Batch 100] Training: accuracy=0.993663
[Epoch 23 Batch 150] Training: accuracy=0.993709
[Epoch 23 Batch 200] Training: accuracy=0.993781
[Epoch 23 Batch 250] Training: accuracy=0.993984
[Epoch 23 Batch 300] Training: accuracy=0.993654
[Epoch 23 Batch 350] Training: accuracy=0.993447
[Epoch 23 Batch 400] Training: accuracy=0.993242
[Epoch 23 Batch 450] Training: accuracy=0.993149
[Epoch 23 Batch 500] Training: accuracy=0.993373
[Epoch 23 Batch 550] Training: accuracy=0.993485
[Epoch 23] Trianing Time: 6.3559319973 s
[Epoch 23] Training: accuracy=0.993600
[Epoch 23] Validation: accuracy=0.974700
[Epoch 24 Batch 50] Training: accuracy=0.996471
[Epoch 24 Batch 100] Training: accuracy=0.997327
[Epoch 24 Batch 150] Training: accuracy=0.997417
[Epoch 24 Batch 200] Training: accuracy=0.997413
[Epoch 24 Batch 250] Training: accuracy=0.997012
[Epoch 24 Batch 300] Training: accuracy=0.996777
[Epoch 24 Batch 350] Training: accuracy=0.996268
[Epoch 24 Batch 400] Training: accuracy=0.996060
[Epoch 24 Batch 450] Training: accuracy=0.995854
[Epoch 24 Batch 500] Training: accuracy=0.995868
[Epoch 24 Batch 550] Training: accuracy=0.995862
[Epoch 24] Trianing Time: 6.58720493317 s
[Epoch 24] Training: accuracy=0.995800
[Epoch 24] Validation: accuracy=0.977000
[Epoch 25 Batch 50] Training: accuracy=0.996863
[Epoch 25 Batch 100] Training: accuracy=0.997129
[Epoch 25 Batch 150] Training: accuracy=0.997285
[Epoch 25 Batch 200] Training: accuracy=0.997413
[Epoch 25 Batch 250] Training: accuracy=0.997530
[Epoch 25 Batch 300] Training: accuracy=0.997409
[Epoch 25 Batch 350] Training: accuracy=0.997236
[Epoch 25 Batch 400] Training: accuracy=0.997257
[Epoch 25 Batch 450] Training: accuracy=0.997273
[Epoch 25 Batch 500] Training: accuracy=0.997305
[Epoch 25 Batch 550] Training: accuracy=0.997368
[Epoch 25] Trianing Time: 6.51407194138 s
[Epoch 25] Training: accuracy=0.997267
[Epoch 25] Validation: accuracy=0.975800
[Epoch 26 Batch 50] Training: accuracy=0.996078
[Epoch 26 Batch 100] Training: accuracy=0.997030
[Epoch 26 Batch 150] Training: accuracy=0.997550
[Epoch 26 Batch 200] Training: accuracy=0.997711
[Epoch 26 Batch 250] Training: accuracy=0.997689
[Epoch 26 Batch 300] Training: accuracy=0.997741
[Epoch 26 Batch 350] Training: accuracy=0.997521
[Epoch 26 Batch 400] Training: accuracy=0.997332
[Epoch 26 Batch 450] Training: accuracy=0.997295
[Epoch 26 Batch 500] Training: accuracy=0.997305
[Epoch 26 Batch 550] Training: accuracy=0.997169
[Epoch 26] Trianing Time: 6.65616798401 s
[Epoch 26] Training: accuracy=0.996833
[Epoch 26] Validation: accuracy=0.977300
[Epoch 27 Batch 50] Training: accuracy=0.993137
[Epoch 27 Batch 100] Training: accuracy=0.994455
[Epoch 27 Batch 150] Training: accuracy=0.995099
[Epoch 27 Batch 200] Training: accuracy=0.995572
[Epoch 27 Batch 250] Training: accuracy=0.994741
[Epoch 27 Batch 300] Training: accuracy=0.994784
[Epoch 27 Batch 350] Training: accuracy=0.994217
[Epoch 27 Batch 400] Training: accuracy=0.993865
[Epoch 27 Batch 450] Training: accuracy=0.993525
[Epoch 27 Batch 500] Training: accuracy=0.993353
[Epoch 27 Batch 550] Training: accuracy=0.993321
[Epoch 27] Trianing Time: 6.30680084229 s
[Epoch 27] Training: accuracy=0.993433
[Epoch 27] Validation: accuracy=0.970000
[Epoch 28 Batch 50] Training: accuracy=0.994118
[Epoch 28 Batch 100] Training: accuracy=0.995842
[Epoch 28 Batch 150] Training: accuracy=0.995894
[Epoch 28 Batch 200] Training: accuracy=0.996070
[Epoch 28 Batch 250] Training: accuracy=0.995857
[Epoch 28 Batch 300] Training: accuracy=0.995880
[Epoch 28 Batch 350] Training: accuracy=0.995926
[Epoch 28 Batch 400] Training: accuracy=0.995736
[Epoch 28 Batch 450] Training: accuracy=0.995654
[Epoch 28 Batch 500] Training: accuracy=0.995788
[Epoch 28 Batch 550] Training: accuracy=0.995880
[Epoch 28] Trianing Time: 6.50886082649 s
[Epoch 28] Training: accuracy=0.995933
[Epoch 28] Validation: accuracy=0.978600
[Epoch 29 Batch 50] Training: accuracy=0.997843
[Epoch 29 Batch 100] Training: accuracy=0.998515
[Epoch 29 Batch 150] Training: accuracy=0.997219
[Epoch 29 Batch 200] Training: accuracy=0.996468
[Epoch 29 Batch 250] Training: accuracy=0.996534
[Epoch 29 Batch 300] Training: accuracy=0.996777
[Epoch 29 Batch 350] Training: accuracy=0.996980
[Epoch 29 Batch 400] Training: accuracy=0.997007
[Epoch 29 Batch 450] Training: accuracy=0.997051
[Epoch 29 Batch 500] Training: accuracy=0.996806
[Epoch 29 Batch 550] Training: accuracy=0.996751
[Epoch 29] Trianing Time: 6.46548390388 s
[Epoch 29] Training: accuracy=0.996650
[Epoch 29] Validation: accuracy=0.976400
Traceback (most recent call last):
  File "mnist.py", line 148, in <module>
    train(opt.epochs, ctx)
  File "mnist.py", line 140, in train
    net.save_parameters('mnist.params')
AttributeError: 'Sequential' object has no attribute 'save_parameters'
