/media/tx-deepocean/sdc/zs/projects/LookaheadOptimizer-mx/mxnet/gluon/data/vision/datasets.py:118: DeprecationWarning: The binary mode of fromstring is deprecated, as it behaves surprisingly on unicode inputs. Use frombuffer instead
  label = np.fromstring(fin.read(), dtype=np.uint8).astype(np.int32)
/media/tx-deepocean/sdc/zs/projects/LookaheadOptimizer-mx/mxnet/gluon/data/vision/datasets.py:122: DeprecationWarning: The binary mode of fromstring is deprecated, as it behaves surprisingly on unicode inputs. Use frombuffer instead
  data = np.fromstring(fin.read(), dtype=np.uint8)
[Epoch 0 Batch 50] Training: accuracy=0.733137
[Epoch 0 Batch 100] Training: accuracy=0.806931
[Epoch 0 Batch 150] Training: accuracy=0.842450
[Epoch 0 Batch 200] Training: accuracy=0.862388
[Epoch 0 Batch 250] Training: accuracy=0.875219
[Epoch 0 Batch 300] Training: accuracy=0.885216
[Epoch 0 Batch 350] Training: accuracy=0.893561
[Epoch 0 Batch 400] Training: accuracy=0.900948
[Epoch 0 Batch 450] Training: accuracy=0.906098
[Epoch 0 Batch 500] Training: accuracy=0.910878
[Epoch 0 Batch 550] Training: accuracy=0.915209
[Epoch 0] Trianing Time: 82.6708419323 s
[Epoch 0] Training: accuracy=0.918667
[Epoch 0] Validation: accuracy=0.951700
[Epoch 1 Batch 50] Training: accuracy=0.969020
[Epoch 1 Batch 100] Training: accuracy=0.966832
[Epoch 1 Batch 150] Training: accuracy=0.965894
[Epoch 1 Batch 200] Training: accuracy=0.965970
[Epoch 1 Batch 250] Training: accuracy=0.964462
[Epoch 1 Batch 300] Training: accuracy=0.964983
[Epoch 1 Batch 350] Training: accuracy=0.964872
[Epoch 1 Batch 400] Training: accuracy=0.965187
[Epoch 1 Batch 450] Training: accuracy=0.965211
[Epoch 1 Batch 500] Training: accuracy=0.965908
[Epoch 1 Batch 550] Training: accuracy=0.966007
[Epoch 1] Trianing Time: 84.85374403 s
[Epoch 1] Training: accuracy=0.966050
[Epoch 1] Validation: accuracy=0.970200
[Epoch 2 Batch 50] Training: accuracy=0.978039
[Epoch 2 Batch 100] Training: accuracy=0.976832
[Epoch 2 Batch 150] Training: accuracy=0.975232
[Epoch 2 Batch 200] Training: accuracy=0.976866
[Epoch 2 Batch 250] Training: accuracy=0.976773
[Epoch 2 Batch 300] Training: accuracy=0.976744
[Epoch 2 Batch 350] Training: accuracy=0.976353
[Epoch 2 Batch 400] Training: accuracy=0.976284
[Epoch 2 Batch 450] Training: accuracy=0.975987
[Epoch 2 Batch 500] Training: accuracy=0.976028
[Epoch 2 Batch 550] Training: accuracy=0.975826
[Epoch 2] Trianing Time: 80.4377088547 s
[Epoch 2] Training: accuracy=0.975683
[Epoch 2] Validation: accuracy=0.972000
[Epoch 3 Batch 50] Training: accuracy=0.982941
[Epoch 3 Batch 100] Training: accuracy=0.982079
[Epoch 3 Batch 150] Training: accuracy=0.981457
[Epoch 3 Batch 200] Training: accuracy=0.981443
[Epoch 3 Batch 250] Training: accuracy=0.981434
[Epoch 3 Batch 300] Training: accuracy=0.981130
[Epoch 3 Batch 350] Training: accuracy=0.981311
[Epoch 3 Batch 400] Training: accuracy=0.981421
[Epoch 3 Batch 450] Training: accuracy=0.981286
[Epoch 3 Batch 500] Training: accuracy=0.980739
[Epoch 3 Batch 550] Training: accuracy=0.980653
[Epoch 3] Trianing Time: 82.3712821007 s
[Epoch 3] Training: accuracy=0.980717
[Epoch 3] Validation: accuracy=0.968500
[Epoch 4 Batch 50] Training: accuracy=0.982941
[Epoch 4 Batch 100] Training: accuracy=0.984554
[Epoch 4 Batch 150] Training: accuracy=0.983311
[Epoch 4 Batch 200] Training: accuracy=0.984030
[Epoch 4 Batch 250] Training: accuracy=0.984143
[Epoch 4 Batch 300] Training: accuracy=0.984086
[Epoch 4 Batch 350] Training: accuracy=0.984103
[Epoch 4 Batch 400] Training: accuracy=0.983990
[Epoch 4 Batch 450] Training: accuracy=0.984013
[Epoch 4 Batch 500] Training: accuracy=0.983972
[Epoch 4 Batch 550] Training: accuracy=0.983285
[Epoch 4] Trianing Time: 79.2445390224 s
[Epoch 4] Training: accuracy=0.982600
[Epoch 4] Validation: accuracy=0.972900
[Epoch 5 Batch 50] Training: accuracy=0.984510
[Epoch 5 Batch 100] Training: accuracy=0.984752
[Epoch 5 Batch 150] Training: accuracy=0.986225
[Epoch 5 Batch 200] Training: accuracy=0.986567
[Epoch 5 Batch 250] Training: accuracy=0.986335
[Epoch 5 Batch 300] Training: accuracy=0.985714
[Epoch 5 Batch 350] Training: accuracy=0.985726
[Epoch 5 Batch 400] Training: accuracy=0.985262
[Epoch 5 Batch 450] Training: accuracy=0.985011
[Epoch 5 Batch 500] Training: accuracy=0.985090
[Epoch 5 Batch 550] Training: accuracy=0.984773
[Epoch 5] Trianing Time: 81.7774879932 s
[Epoch 5] Training: accuracy=0.984750
[Epoch 5] Validation: accuracy=0.977000
[Epoch 6 Batch 50] Training: accuracy=0.990588
[Epoch 6 Batch 100] Training: accuracy=0.988713
[Epoch 6 Batch 150] Training: accuracy=0.988543
[Epoch 6 Batch 200] Training: accuracy=0.988856
[Epoch 6 Batch 250] Training: accuracy=0.989084
[Epoch 6 Batch 300] Training: accuracy=0.988970
[Epoch 6 Batch 350] Training: accuracy=0.988889
[Epoch 6 Batch 400] Training: accuracy=0.988828
[Epoch 6 Batch 450] Training: accuracy=0.988581
[Epoch 6 Batch 500] Training: accuracy=0.987884
[Epoch 6 Batch 550] Training: accuracy=0.987858
[Epoch 6] Trianing Time: 82.7203040123 s
[Epoch 6] Training: accuracy=0.987617
[Epoch 6] Validation: accuracy=0.974400
[Epoch 7 Batch 50] Training: accuracy=0.991961
[Epoch 7 Batch 100] Training: accuracy=0.991683
[Epoch 7 Batch 150] Training: accuracy=0.992715
[Epoch 7 Batch 200] Training: accuracy=0.991592
[Epoch 7 Batch 250] Training: accuracy=0.990558
[Epoch 7 Batch 300] Training: accuracy=0.990532
[Epoch 7 Batch 350] Training: accuracy=0.990798
[Epoch 7 Batch 400] Training: accuracy=0.990499
[Epoch 7 Batch 450] Training: accuracy=0.990022
[Epoch 7 Batch 500] Training: accuracy=0.989621
[Epoch 7 Batch 550] Training: accuracy=0.989601
[Epoch 7] Trianing Time: 84.2716050148 s
[Epoch 7] Training: accuracy=0.989433
[Epoch 7] Validation: accuracy=0.976900
[Epoch 8 Batch 50] Training: accuracy=0.992157
[Epoch 8 Batch 100] Training: accuracy=0.991584
[Epoch 8 Batch 150] Training: accuracy=0.991921
[Epoch 8 Batch 200] Training: accuracy=0.992189
[Epoch 8 Batch 250] Training: accuracy=0.992629
[Epoch 8 Batch 300] Training: accuracy=0.992292
[Epoch 8 Batch 350] Training: accuracy=0.992422
[Epoch 8 Batch 400] Training: accuracy=0.991920
[Epoch 8 Batch 450] Training: accuracy=0.991818
[Epoch 8 Batch 500] Training: accuracy=0.991517
[Epoch 8 Batch 550] Training: accuracy=0.991234
[Epoch 8] Trianing Time: 80.5760700703 s
[Epoch 8] Training: accuracy=0.990750
[Epoch 8] Validation: accuracy=0.974200
[Epoch 9 Batch 50] Training: accuracy=0.988039
[Epoch 9 Batch 100] Training: accuracy=0.990099
[Epoch 9 Batch 150] Training: accuracy=0.990662
[Epoch 9 Batch 200] Training: accuracy=0.990647
[Epoch 9 Batch 250] Training: accuracy=0.990956
[Epoch 9 Batch 300] Training: accuracy=0.990731
[Epoch 9 Batch 350] Training: accuracy=0.990228
[Epoch 9 Batch 400] Training: accuracy=0.990249
[Epoch 9 Batch 450] Training: accuracy=0.990133
[Epoch 9 Batch 500] Training: accuracy=0.989920
[Epoch 9 Batch 550] Training: accuracy=0.989746
[Epoch 9] Trianing Time: 83.1520938873 s
[Epoch 9] Training: accuracy=0.989617
[Epoch 9] Validation: accuracy=0.975200
[Epoch 10 Batch 50] Training: accuracy=0.991569
[Epoch 10 Batch 100] Training: accuracy=0.991782
[Epoch 10 Batch 150] Training: accuracy=0.992384
[Epoch 10 Batch 200] Training: accuracy=0.992488
[Epoch 10 Batch 250] Training: accuracy=0.992351
[Epoch 10 Batch 300] Training: accuracy=0.992226
[Epoch 10 Batch 350] Training: accuracy=0.992279
[Epoch 10 Batch 400] Training: accuracy=0.992544
[Epoch 10 Batch 450] Training: accuracy=0.992572
[Epoch 10 Batch 500] Training: accuracy=0.992555
[Epoch 10 Batch 550] Training: accuracy=0.992287
[Epoch 10] Trianing Time: 84.3003180027 s
[Epoch 10] Training: accuracy=0.992167
[Epoch 10] Validation: accuracy=0.973400
[Epoch 11 Batch 50] Training: accuracy=0.990980
[Epoch 11 Batch 100] Training: accuracy=0.991980
[Epoch 11 Batch 150] Training: accuracy=0.993510
[Epoch 11 Batch 200] Training: accuracy=0.993930
[Epoch 11 Batch 250] Training: accuracy=0.993705
[Epoch 11 Batch 300] Training: accuracy=0.993721
[Epoch 11 Batch 350] Training: accuracy=0.993789
[Epoch 11 Batch 400] Training: accuracy=0.993516
[Epoch 11 Batch 450] Training: accuracy=0.993193
[Epoch 11 Batch 500] Training: accuracy=0.993114
[Epoch 11 Batch 550] Training: accuracy=0.993158
[Epoch 11] Trianing Time: 82.5908169746 s
[Epoch 11] Training: accuracy=0.993233
[Epoch 11] Validation: accuracy=0.977600
[Epoch 12 Batch 50] Training: accuracy=0.996275
[Epoch 12 Batch 100] Training: accuracy=0.997228
[Epoch 12 Batch 150] Training: accuracy=0.996755
[Epoch 12 Batch 200] Training: accuracy=0.996567
[Epoch 12 Batch 250] Training: accuracy=0.996135
[Epoch 12 Batch 300] Training: accuracy=0.996113
[Epoch 12 Batch 350] Training: accuracy=0.995726
[Epoch 12 Batch 400] Training: accuracy=0.994988
[Epoch 12 Batch 450] Training: accuracy=0.994989
[Epoch 12 Batch 500] Training: accuracy=0.995050
[Epoch 12 Batch 550] Training: accuracy=0.994755
[Epoch 12] Trianing Time: 82.0946550369 s
[Epoch 12] Training: accuracy=0.994383
[Epoch 12] Validation: accuracy=0.976100
[Epoch 13 Batch 50] Training: accuracy=0.993529
[Epoch 13 Batch 100] Training: accuracy=0.993960
[Epoch 13 Batch 150] Training: accuracy=0.993775
[Epoch 13 Batch 200] Training: accuracy=0.992985
[Epoch 13 Batch 250] Training: accuracy=0.993068
[Epoch 13 Batch 300] Training: accuracy=0.993156
[Epoch 13 Batch 350] Training: accuracy=0.993476
[Epoch 13 Batch 400] Training: accuracy=0.993691
[Epoch 13 Batch 450] Training: accuracy=0.993392
[Epoch 13 Batch 500] Training: accuracy=0.993054
[Epoch 13 Batch 550] Training: accuracy=0.993249
[Epoch 13] Trianing Time: 83.0237820148 s
[Epoch 13] Training: accuracy=0.993400
[Epoch 13] Validation: accuracy=0.980200
[Epoch 14 Batch 50] Training: accuracy=0.992941
[Epoch 14 Batch 100] Training: accuracy=0.993267
[Epoch 14 Batch 150] Training: accuracy=0.993510
[Epoch 14 Batch 200] Training: accuracy=0.993433
[Epoch 14 Batch 250] Training: accuracy=0.993307
[Epoch 14 Batch 300] Training: accuracy=0.993355
[Epoch 14 Batch 350] Training: accuracy=0.993618
[Epoch 14 Batch 400] Training: accuracy=0.993591
[Epoch 14 Batch 450] Training: accuracy=0.993415
[Epoch 14 Batch 500] Training: accuracy=0.993154
[Epoch 14 Batch 550] Training: accuracy=0.992704
[Epoch 14] Trianing Time: 82.8216481209 s
[Epoch 14] Training: accuracy=0.992550
[Epoch 14] Validation: accuracy=0.975600
[Epoch 15 Batch 50] Training: accuracy=0.989216
[Epoch 15 Batch 100] Training: accuracy=0.991485
[Epoch 15 Batch 150] Training: accuracy=0.991391
[Epoch 15 Batch 200] Training: accuracy=0.992189
[Epoch 15 Batch 250] Training: accuracy=0.992311
[Epoch 15 Batch 300] Training: accuracy=0.992359
[Epoch 15 Batch 350] Training: accuracy=0.992393
[Epoch 15 Batch 400] Training: accuracy=0.992419
[Epoch 15 Batch 450] Training: accuracy=0.992506
[Epoch 15 Batch 500] Training: accuracy=0.992495
[Epoch 15 Batch 550] Training: accuracy=0.992468
[Epoch 15] Trianing Time: 81.4402270317 s
[Epoch 15] Training: accuracy=0.992317
[Epoch 15] Validation: accuracy=0.974400
[Epoch 16 Batch 50] Training: accuracy=0.995882
[Epoch 16 Batch 100] Training: accuracy=0.995248
[Epoch 16 Batch 150] Training: accuracy=0.995033
[Epoch 16 Batch 200] Training: accuracy=0.994577
[Epoch 16 Batch 250] Training: accuracy=0.994462
[Epoch 16 Batch 300] Training: accuracy=0.994485
[Epoch 16 Batch 350] Training: accuracy=0.994701
[Epoch 16 Batch 400] Training: accuracy=0.994439
[Epoch 16 Batch 450] Training: accuracy=0.994169
[Epoch 16 Batch 500] Training: accuracy=0.994291
[Epoch 16 Batch 550] Training: accuracy=0.994065
[Epoch 16] Trianing Time: 82.7538900375 s
[Epoch 16] Training: accuracy=0.993950
[Epoch 16] Validation: accuracy=0.973300
[Epoch 17 Batch 50] Training: accuracy=0.993333
[Epoch 17 Batch 100] Training: accuracy=0.994158
[Epoch 17 Batch 150] Training: accuracy=0.994503
[Epoch 17 Batch 200] Training: accuracy=0.994478
[Epoch 17 Batch 250] Training: accuracy=0.994263
[Epoch 17 Batch 300] Training: accuracy=0.994419
[Epoch 17 Batch 350] Training: accuracy=0.994615
[Epoch 17 Batch 400] Training: accuracy=0.994738
[Epoch 17 Batch 450] Training: accuracy=0.994479
[Epoch 17 Batch 500] Training: accuracy=0.994052
[Epoch 17 Batch 550] Training: accuracy=0.993793
[Epoch 17] Trianing Time: 85.5142049789 s
[Epoch 17] Training: accuracy=0.993883
[Epoch 17] Validation: accuracy=0.974800
[Epoch 18 Batch 50] Training: accuracy=0.995098
[Epoch 18 Batch 100] Training: accuracy=0.995149
[Epoch 18 Batch 150] Training: accuracy=0.993974
[Epoch 18 Batch 200] Training: accuracy=0.993980
[Epoch 18 Batch 250] Training: accuracy=0.994263
[Epoch 18 Batch 300] Training: accuracy=0.994385
[Epoch 18 Batch 350] Training: accuracy=0.994644
[Epoch 18 Batch 400] Training: accuracy=0.994963
[Epoch 18 Batch 450] Training: accuracy=0.994945
[Epoch 18 Batch 500] Training: accuracy=0.995050
[Epoch 18 Batch 550] Training: accuracy=0.994991
[Epoch 18] Trianing Time: 84.4481160641 s
[Epoch 18] Training: accuracy=0.995050
[Epoch 18] Validation: accuracy=0.976900
[Epoch 19 Batch 50] Training: accuracy=0.995294
[Epoch 19 Batch 100] Training: accuracy=0.995842
[Epoch 19 Batch 150] Training: accuracy=0.995166
[Epoch 19 Batch 200] Training: accuracy=0.995522
[Epoch 19 Batch 250] Training: accuracy=0.995139
[Epoch 19 Batch 300] Training: accuracy=0.995316
[Epoch 19 Batch 350] Training: accuracy=0.994843
[Epoch 19 Batch 400] Training: accuracy=0.995087
[Epoch 19 Batch 450] Training: accuracy=0.994812
[Epoch 19 Batch 500] Training: accuracy=0.994870
[Epoch 19 Batch 550] Training: accuracy=0.994900
[Epoch 19] Trianing Time: 84.2706968784 s
[Epoch 19] Training: accuracy=0.994917
[Epoch 19] Validation: accuracy=0.977200
[Epoch 20 Batch 50] Training: accuracy=0.995098
[Epoch 20 Batch 100] Training: accuracy=0.995941
[Epoch 20 Batch 150] Training: accuracy=0.996490
[Epoch 20 Batch 200] Training: accuracy=0.996517
[Epoch 20 Batch 250] Training: accuracy=0.996454
[Epoch 20 Batch 300] Training: accuracy=0.996146
[Epoch 20 Batch 350] Training: accuracy=0.996182
[Epoch 20 Batch 400] Training: accuracy=0.996135
[Epoch 20 Batch 450] Training: accuracy=0.996164
[Epoch 20 Batch 500] Training: accuracy=0.996208
[Epoch 20 Batch 550] Training: accuracy=0.996080
[Epoch 20] Trianing Time: 83.5231969357 s
[Epoch 20] Training: accuracy=0.995783
[Epoch 20] Validation: accuracy=0.976200
[Epoch 21 Batch 50] Training: accuracy=0.996078
[Epoch 21 Batch 100] Training: accuracy=0.996040
[Epoch 21 Batch 150] Training: accuracy=0.995232
[Epoch 21 Batch 200] Training: accuracy=0.995622
[Epoch 21 Batch 250] Training: accuracy=0.995259
[Epoch 21 Batch 300] Training: accuracy=0.995615
[Epoch 21 Batch 350] Training: accuracy=0.995670
[Epoch 21 Batch 400] Training: accuracy=0.995636
[Epoch 21 Batch 450] Training: accuracy=0.995854
[Epoch 21 Batch 500] Training: accuracy=0.995868
[Epoch 21 Batch 550] Training: accuracy=0.995771
[Epoch 21] Trianing Time: 82.7713229656 s
[Epoch 21] Training: accuracy=0.995750
[Epoch 21] Validation: accuracy=0.978300
[Epoch 22 Batch 50] Training: accuracy=0.995098
[Epoch 22 Batch 100] Training: accuracy=0.996337
[Epoch 22 Batch 150] Training: accuracy=0.996887
[Epoch 22 Batch 200] Training: accuracy=0.997065
[Epoch 22 Batch 250] Training: accuracy=0.996932
[Epoch 22 Batch 300] Training: accuracy=0.996977
[Epoch 22 Batch 350] Training: accuracy=0.997208
[Epoch 22 Batch 400] Training: accuracy=0.997307
[Epoch 22 Batch 450] Training: accuracy=0.997184
[Epoch 22 Batch 500] Training: accuracy=0.996986
[Epoch 22 Batch 550] Training: accuracy=0.996788
[Epoch 22] Trianing Time: 81.8152441978 s
[Epoch 22] Training: accuracy=0.996600
[Epoch 22] Validation: accuracy=0.976700
[Epoch 23 Batch 50] Training: accuracy=0.996667
[Epoch 23 Batch 100] Training: accuracy=0.997228
[Epoch 23 Batch 150] Training: accuracy=0.997748
[Epoch 23 Batch 200] Training: accuracy=0.997313
[Epoch 23 Batch 250] Training: accuracy=0.996972
[Epoch 23 Batch 300] Training: accuracy=0.996711
[Epoch 23 Batch 350] Training: accuracy=0.996496
[Epoch 23 Batch 400] Training: accuracy=0.996085
[Epoch 23 Batch 450] Training: accuracy=0.995743
[Epoch 23 Batch 500] Training: accuracy=0.995549
[Epoch 23 Batch 550] Training: accuracy=0.995463
[Epoch 23] Trianing Time: 81.2028830051 s
[Epoch 23] Training: accuracy=0.995367
[Epoch 23] Validation: accuracy=0.977800
[Epoch 24 Batch 50] Training: accuracy=0.996667
[Epoch 24 Batch 100] Training: accuracy=0.996139
[Epoch 24 Batch 150] Training: accuracy=0.996291
[Epoch 24 Batch 200] Training: accuracy=0.995821
[Epoch 24 Batch 250] Training: accuracy=0.995458
[Epoch 24 Batch 300] Training: accuracy=0.995183
[Epoch 24 Batch 350] Training: accuracy=0.995328
[Epoch 24 Batch 400] Training: accuracy=0.995212
[Epoch 24 Batch 450] Training: accuracy=0.995188
[Epoch 24 Batch 500] Training: accuracy=0.995050
[Epoch 24 Batch 550] Training: accuracy=0.995082
[Epoch 24] Trianing Time: 84.4762058258 s
[Epoch 24] Training: accuracy=0.995117
[Epoch 24] Validation: accuracy=0.979900
[Epoch 25 Batch 50] Training: accuracy=0.997843
[Epoch 25 Batch 100] Training: accuracy=0.997228
[Epoch 25 Batch 150] Training: accuracy=0.997020
[Epoch 25 Batch 200] Training: accuracy=0.997015
[Epoch 25 Batch 250] Training: accuracy=0.996733
[Epoch 25 Batch 300] Training: accuracy=0.996678
[Epoch 25 Batch 350] Training: accuracy=0.996439
[Epoch 25 Batch 400] Training: accuracy=0.996608
[Epoch 25 Batch 450] Training: accuracy=0.996408
[Epoch 25 Batch 500] Training: accuracy=0.996347
[Epoch 25 Batch 550] Training: accuracy=0.996171
[Epoch 25] Trianing Time: 83.0536801815 s
[Epoch 25] Training: accuracy=0.995717
[Epoch 25] Validation: accuracy=0.971800
[Epoch 26 Batch 50] Training: accuracy=0.993529
[Epoch 26 Batch 100] Training: accuracy=0.994554
[Epoch 26 Batch 150] Training: accuracy=0.995033
[Epoch 26 Batch 200] Training: accuracy=0.995274
[Epoch 26 Batch 250] Training: accuracy=0.995339
[Epoch 26 Batch 300] Training: accuracy=0.995581
[Epoch 26 Batch 350] Training: accuracy=0.995413
[Epoch 26 Batch 400] Training: accuracy=0.995486
[Epoch 26 Batch 450] Training: accuracy=0.995366
[Epoch 26 Batch 500] Training: accuracy=0.995250
[Epoch 26 Batch 550] Training: accuracy=0.995336
[Epoch 26] Trianing Time: 84.4015641212 s
[Epoch 26] Training: accuracy=0.995250
[Epoch 26] Validation: accuracy=0.976000
[Epoch 27 Batch 50] Training: accuracy=0.994510
[Epoch 27 Batch 100] Training: accuracy=0.993960
[Epoch 27 Batch 150] Training: accuracy=0.993841
[Epoch 27 Batch 200] Training: accuracy=0.994428
[Epoch 27 Batch 250] Training: accuracy=0.994940
[Epoch 27 Batch 300] Training: accuracy=0.995349
[Epoch 27 Batch 350] Training: accuracy=0.995442
[Epoch 27 Batch 400] Training: accuracy=0.995461
[Epoch 27 Batch 450] Training: accuracy=0.995565
[Epoch 27 Batch 500] Training: accuracy=0.995449
[Epoch 27 Batch 550] Training: accuracy=0.995390
[Epoch 27] Trianing Time: 82.7971160412 s
[Epoch 27] Training: accuracy=0.995417
[Epoch 27] Validation: accuracy=0.978200
[Epoch 28 Batch 50] Training: accuracy=0.995294
[Epoch 28 Batch 100] Training: accuracy=0.996139
[Epoch 28 Batch 150] Training: accuracy=0.995430
[Epoch 28 Batch 200] Training: accuracy=0.995373
[Epoch 28 Batch 250] Training: accuracy=0.995737
[Epoch 28 Batch 300] Training: accuracy=0.995548
[Epoch 28 Batch 350] Training: accuracy=0.995385
[Epoch 28 Batch 400] Training: accuracy=0.995112
[Epoch 28 Batch 450] Training: accuracy=0.995078
[Epoch 28 Batch 500] Training: accuracy=0.994990
[Epoch 28 Batch 550] Training: accuracy=0.994918
[Epoch 28] Trianing Time: 84.1984450817 s
[Epoch 28] Training: accuracy=0.994967
[Epoch 28] Validation: accuracy=0.978200
[Epoch 29 Batch 50] Training: accuracy=0.996471
[Epoch 29 Batch 100] Training: accuracy=0.995347
[Epoch 29 Batch 150] Training: accuracy=0.995430
[Epoch 29 Batch 200] Training: accuracy=0.995473
[Epoch 29 Batch 250] Training: accuracy=0.995458
[Epoch 29 Batch 300] Training: accuracy=0.995349
[Epoch 29 Batch 350] Training: accuracy=0.995613
[Epoch 29 Batch 400] Training: accuracy=0.995436
[Epoch 29 Batch 450] Training: accuracy=0.995477
[Epoch 29 Batch 500] Training: accuracy=0.995489
[Epoch 29 Batch 550] Training: accuracy=0.995354
[Epoch 29] Trianing Time: 82.8560731411 s
[Epoch 29] Training: accuracy=0.995483
[Epoch 29] Validation: accuracy=0.978400
Traceback (most recent call last):
  File "mnist.py", line 148, in <module>
    train(opt.epochs, ctx)
  File "mnist.py", line 140, in train
    net.save_parameters('mnist.params')
AttributeError: 'Sequential' object has no attribute 'save_parameters'
