/media/tx-deepocean/sdc/zs/projects/LookaheadOptimizer-mx/mxnet/gluon/data/vision/datasets.py:118: DeprecationWarning: The binary mode of fromstring is deprecated, as it behaves surprisingly on unicode inputs. Use frombuffer instead
  label = np.fromstring(fin.read(), dtype=np.uint8).astype(np.int32)
/media/tx-deepocean/sdc/zs/projects/LookaheadOptimizer-mx/mxnet/gluon/data/vision/datasets.py:122: DeprecationWarning: The binary mode of fromstring is deprecated, as it behaves surprisingly on unicode inputs. Use frombuffer instead
  data = np.fromstring(fin.read(), dtype=np.uint8)
[Epoch 0 Batch 50] Training: accuracy=0.714706
[Epoch 0 Batch 100] Training: accuracy=0.803069
[Epoch 0 Batch 150] Training: accuracy=0.835166
[Epoch 0 Batch 200] Training: accuracy=0.855771
[Epoch 0 Batch 250] Training: accuracy=0.868924
[Epoch 0 Batch 300] Training: accuracy=0.880930
[Epoch 0 Batch 350] Training: accuracy=0.890028
[Epoch 0 Batch 400] Training: accuracy=0.897656
[Epoch 0 Batch 450] Training: accuracy=0.903503
[Epoch 0 Batch 500] Training: accuracy=0.908224
[Epoch 0 Batch 550] Training: accuracy=0.911978
[Epoch 0] Trianing Time: 7.95933699608 s
[Epoch 0] Training: accuracy=0.915933
[Epoch 0] Validation: accuracy=0.962300
[Epoch 1 Batch 50] Training: accuracy=0.967647
[Epoch 1 Batch 100] Training: accuracy=0.962178
[Epoch 1 Batch 150] Training: accuracy=0.962848
[Epoch 1 Batch 200] Training: accuracy=0.963781
[Epoch 1 Batch 250] Training: accuracy=0.963625
[Epoch 1 Batch 300] Training: accuracy=0.964086
[Epoch 1 Batch 350] Training: accuracy=0.964103
[Epoch 1 Batch 400] Training: accuracy=0.965162
[Epoch 1 Batch 450] Training: accuracy=0.965676
[Epoch 1 Batch 500] Training: accuracy=0.966208
[Epoch 1 Batch 550] Training: accuracy=0.966461
[Epoch 1] Trianing Time: 6.64077401161 s
[Epoch 1] Training: accuracy=0.966550
[Epoch 1] Validation: accuracy=0.974000
[Epoch 2 Batch 50] Training: accuracy=0.980392
[Epoch 2 Batch 100] Training: accuracy=0.979307
[Epoch 2 Batch 150] Training: accuracy=0.978278
[Epoch 2 Batch 200] Training: accuracy=0.979254
[Epoch 2 Batch 250] Training: accuracy=0.979243
[Epoch 2 Batch 300] Training: accuracy=0.979136
[Epoch 2 Batch 350] Training: accuracy=0.978490
[Epoch 2 Batch 400] Training: accuracy=0.978180
[Epoch 2 Batch 450] Training: accuracy=0.977827
[Epoch 2 Batch 500] Training: accuracy=0.977505
[Epoch 2 Batch 550] Training: accuracy=0.977114
[Epoch 2] Trianing Time: 6.66487598419 s
[Epoch 2] Training: accuracy=0.977317
[Epoch 2] Validation: accuracy=0.974600
[Epoch 3 Batch 50] Training: accuracy=0.983333
[Epoch 3 Batch 100] Training: accuracy=0.984950
[Epoch 3 Batch 150] Training: accuracy=0.983775
[Epoch 3 Batch 200] Training: accuracy=0.983333
[Epoch 3 Batch 250] Training: accuracy=0.982749
[Epoch 3 Batch 300] Training: accuracy=0.982259
[Epoch 3 Batch 350] Training: accuracy=0.982365
[Epoch 3 Batch 400] Training: accuracy=0.982718
[Epoch 3 Batch 450] Training: accuracy=0.982772
[Epoch 3 Batch 500] Training: accuracy=0.982475
[Epoch 3 Batch 550] Training: accuracy=0.982505
[Epoch 3] Trianing Time: 6.76077699661 s
[Epoch 3] Training: accuracy=0.982633
[Epoch 3] Validation: accuracy=0.974200
[Epoch 4 Batch 50] Training: accuracy=0.984902
[Epoch 4 Batch 100] Training: accuracy=0.987228
[Epoch 4 Batch 150] Training: accuracy=0.987219
[Epoch 4 Batch 200] Training: accuracy=0.987612
[Epoch 4 Batch 250] Training: accuracy=0.987809
[Epoch 4 Batch 300] Training: accuracy=0.987774
[Epoch 4 Batch 350] Training: accuracy=0.987322
[Epoch 4 Batch 400] Training: accuracy=0.987406
[Epoch 4 Batch 450] Training: accuracy=0.987428
[Epoch 4 Batch 500] Training: accuracy=0.987465
[Epoch 4 Batch 550] Training: accuracy=0.987151
[Epoch 4] Trianing Time: 6.63641619682 s
[Epoch 4] Training: accuracy=0.986617
[Epoch 4] Validation: accuracy=0.976700
[Epoch 5 Batch 50] Training: accuracy=0.991373
[Epoch 5 Batch 100] Training: accuracy=0.990594
[Epoch 5 Batch 150] Training: accuracy=0.990662
[Epoch 5 Batch 200] Training: accuracy=0.990547
[Epoch 5 Batch 250] Training: accuracy=0.990199
[Epoch 5 Batch 300] Training: accuracy=0.989734
[Epoch 5 Batch 350] Training: accuracy=0.989601
[Epoch 5 Batch 400] Training: accuracy=0.988878
[Epoch 5 Batch 450] Training: accuracy=0.989091
[Epoch 5 Batch 500] Training: accuracy=0.989182
[Epoch 5 Batch 550] Training: accuracy=0.988657
[Epoch 5] Trianing Time: 6.70240497589 s
[Epoch 5] Training: accuracy=0.988467
[Epoch 5] Validation: accuracy=0.978000
[Epoch 6 Batch 50] Training: accuracy=0.993333
[Epoch 6 Batch 100] Training: accuracy=0.992376
[Epoch 6 Batch 150] Training: accuracy=0.991788
[Epoch 6 Batch 200] Training: accuracy=0.991244
[Epoch 6 Batch 250] Training: accuracy=0.991434
[Epoch 6 Batch 300] Training: accuracy=0.991329
[Epoch 6 Batch 350] Training: accuracy=0.991083
[Epoch 6 Batch 400] Training: accuracy=0.991122
[Epoch 6 Batch 450] Training: accuracy=0.990865
[Epoch 6 Batch 500] Training: accuracy=0.990719
[Epoch 6 Batch 550] Training: accuracy=0.990980
[Epoch 6] Trianing Time: 6.58704400063 s
[Epoch 6] Training: accuracy=0.990650
[Epoch 6] Validation: accuracy=0.980000
[Epoch 7 Batch 50] Training: accuracy=0.993137
[Epoch 7 Batch 100] Training: accuracy=0.993663
[Epoch 7 Batch 150] Training: accuracy=0.993907
[Epoch 7 Batch 200] Training: accuracy=0.992687
[Epoch 7 Batch 250] Training: accuracy=0.992271
[Epoch 7 Batch 300] Training: accuracy=0.992492
[Epoch 7 Batch 350] Training: accuracy=0.992507
[Epoch 7 Batch 400] Training: accuracy=0.992394
[Epoch 7 Batch 450] Training: accuracy=0.992328
[Epoch 7 Batch 500] Training: accuracy=0.991896
[Epoch 7 Batch 550] Training: accuracy=0.991652
[Epoch 7] Trianing Time: 6.67088198662 s
[Epoch 7] Training: accuracy=0.991667
[Epoch 7] Validation: accuracy=0.980800
[Epoch 8 Batch 50] Training: accuracy=0.995882
[Epoch 8 Batch 100] Training: accuracy=0.995347
[Epoch 8 Batch 150] Training: accuracy=0.995563
[Epoch 8 Batch 200] Training: accuracy=0.995373
[Epoch 8 Batch 250] Training: accuracy=0.994900
[Epoch 8 Batch 300] Training: accuracy=0.994684
[Epoch 8 Batch 350] Training: accuracy=0.994843
[Epoch 8 Batch 400] Training: accuracy=0.994913
[Epoch 8 Batch 450] Training: accuracy=0.994656
[Epoch 8 Batch 500] Training: accuracy=0.994431
[Epoch 8 Batch 550] Training: accuracy=0.994174
[Epoch 8] Trianing Time: 6.67721295357 s
[Epoch 8] Training: accuracy=0.994000
[Epoch 8] Validation: accuracy=0.981600
[Epoch 9 Batch 50] Training: accuracy=0.997059
[Epoch 9 Batch 100] Training: accuracy=0.996535
[Epoch 9 Batch 150] Training: accuracy=0.996358
[Epoch 9 Batch 200] Training: accuracy=0.995871
[Epoch 9 Batch 250] Training: accuracy=0.995936
[Epoch 9 Batch 300] Training: accuracy=0.995914
[Epoch 9 Batch 350] Training: accuracy=0.995670
[Epoch 9 Batch 400] Training: accuracy=0.995586
[Epoch 9 Batch 450] Training: accuracy=0.995588
[Epoch 9 Batch 500] Training: accuracy=0.995170
[Epoch 9 Batch 550] Training: accuracy=0.995027
[Epoch 9] Trianing Time: 6.7023639679 s
[Epoch 9] Training: accuracy=0.994883
[Epoch 9] Validation: accuracy=0.980500
[Epoch 10 Batch 50] Training: accuracy=0.995686
[Epoch 10 Batch 100] Training: accuracy=0.996337
[Epoch 10 Batch 150] Training: accuracy=0.996358
[Epoch 10 Batch 200] Training: accuracy=0.996269
[Epoch 10 Batch 250] Training: accuracy=0.995936
[Epoch 10 Batch 300] Training: accuracy=0.995847
[Epoch 10 Batch 350] Training: accuracy=0.995840
[Epoch 10 Batch 400] Training: accuracy=0.995786
[Epoch 10 Batch 450] Training: accuracy=0.995543
[Epoch 10 Batch 500] Training: accuracy=0.995429
[Epoch 10 Batch 550] Training: accuracy=0.995263
[Epoch 10] Trianing Time: 6.58076310158 s
[Epoch 10] Training: accuracy=0.995150
[Epoch 10] Validation: accuracy=0.981600
[Epoch 11 Batch 50] Training: accuracy=0.996471
[Epoch 11 Batch 100] Training: accuracy=0.997327
[Epoch 11 Batch 150] Training: accuracy=0.997219
[Epoch 11 Batch 200] Training: accuracy=0.997015
[Epoch 11 Batch 250] Training: accuracy=0.997251
[Epoch 11 Batch 300] Training: accuracy=0.997542
[Epoch 11 Batch 350] Training: accuracy=0.997436
[Epoch 11 Batch 400] Training: accuracy=0.997481
[Epoch 11 Batch 450] Training: accuracy=0.997384
[Epoch 11 Batch 500] Training: accuracy=0.997345
[Epoch 11 Batch 550] Training: accuracy=0.997241
[Epoch 11] Trianing Time: 6.61201190948 s
[Epoch 11] Training: accuracy=0.997083
[Epoch 11] Validation: accuracy=0.978600
[Epoch 12 Batch 50] Training: accuracy=0.997059
[Epoch 12 Batch 100] Training: accuracy=0.997426
[Epoch 12 Batch 150] Training: accuracy=0.997285
[Epoch 12 Batch 200] Training: accuracy=0.997264
[Epoch 12 Batch 250] Training: accuracy=0.997450
[Epoch 12 Batch 300] Training: accuracy=0.997076
[Epoch 12 Batch 350] Training: accuracy=0.996980
[Epoch 12 Batch 400] Training: accuracy=0.996858
[Epoch 12 Batch 450] Training: accuracy=0.996918
[Epoch 12 Batch 500] Training: accuracy=0.997106
[Epoch 12 Batch 550] Training: accuracy=0.996951
[Epoch 12] Trianing Time: 6.55388903618 s
[Epoch 12] Training: accuracy=0.996783
[Epoch 12] Validation: accuracy=0.980300
[Epoch 13 Batch 50] Training: accuracy=0.997647
[Epoch 13 Batch 100] Training: accuracy=0.997822
[Epoch 13 Batch 150] Training: accuracy=0.997748
[Epoch 13 Batch 200] Training: accuracy=0.997960
[Epoch 13 Batch 250] Training: accuracy=0.997769
[Epoch 13 Batch 300] Training: accuracy=0.997575
[Epoch 13 Batch 350] Training: accuracy=0.997436
[Epoch 13 Batch 400] Training: accuracy=0.997232
[Epoch 13 Batch 450] Training: accuracy=0.996962
[Epoch 13 Batch 500] Training: accuracy=0.996806
[Epoch 13 Batch 550] Training: accuracy=0.996806
[Epoch 13] Trianing Time: 6.68721699715 s
[Epoch 13] Training: accuracy=0.996850
[Epoch 13] Validation: accuracy=0.980500
[Epoch 14 Batch 50] Training: accuracy=0.996863
[Epoch 14 Batch 100] Training: accuracy=0.997327
[Epoch 14 Batch 150] Training: accuracy=0.997417
[Epoch 14 Batch 200] Training: accuracy=0.997463
[Epoch 14 Batch 250] Training: accuracy=0.997291
[Epoch 14 Batch 300] Training: accuracy=0.997409
[Epoch 14 Batch 350] Training: accuracy=0.997322
[Epoch 14 Batch 400] Training: accuracy=0.997232
[Epoch 14 Batch 450] Training: accuracy=0.997206
[Epoch 14 Batch 500] Training: accuracy=0.997246
[Epoch 14 Batch 550] Training: accuracy=0.997314
[Epoch 14] Trianing Time: 7.11428809166 s
[Epoch 14] Training: accuracy=0.997333
[Epoch 14] Validation: accuracy=0.980700
[Epoch 15 Batch 50] Training: accuracy=0.997647
[Epoch 15 Batch 100] Training: accuracy=0.998119
[Epoch 15 Batch 150] Training: accuracy=0.998146
[Epoch 15 Batch 200] Training: accuracy=0.998308
[Epoch 15 Batch 250] Training: accuracy=0.998486
[Epoch 15 Batch 300] Training: accuracy=0.998538
[Epoch 15 Batch 350] Training: accuracy=0.998519
[Epoch 15 Batch 400] Training: accuracy=0.998429
[Epoch 15 Batch 450] Training: accuracy=0.998559
[Epoch 15 Batch 500] Training: accuracy=0.998423
[Epoch 15 Batch 550] Training: accuracy=0.998312
[Epoch 15] Trianing Time: 6.63784980774 s
[Epoch 15] Training: accuracy=0.998167
[Epoch 15] Validation: accuracy=0.981000
[Epoch 16 Batch 50] Training: accuracy=0.998627
[Epoch 16 Batch 100] Training: accuracy=0.997624
[Epoch 16 Batch 150] Training: accuracy=0.997616
[Epoch 16 Batch 200] Training: accuracy=0.997960
[Epoch 16 Batch 250] Training: accuracy=0.998008
[Epoch 16 Batch 300] Training: accuracy=0.998173
[Epoch 16 Batch 350] Training: accuracy=0.998177
[Epoch 16 Batch 400] Training: accuracy=0.998279
[Epoch 16 Batch 450] Training: accuracy=0.998337
[Epoch 16 Batch 500] Training: accuracy=0.998343
[Epoch 16 Batch 550] Training: accuracy=0.998348
[Epoch 16] Trianing Time: 6.82959389687 s
[Epoch 16] Training: accuracy=0.998417
[Epoch 16] Validation: accuracy=0.980800
[Epoch 17 Batch 50] Training: accuracy=0.999412
[Epoch 17 Batch 100] Training: accuracy=0.999505
[Epoch 17 Batch 150] Training: accuracy=0.999470
[Epoch 17 Batch 200] Training: accuracy=0.999602
[Epoch 17 Batch 250] Training: accuracy=0.999681
[Epoch 17 Batch 300] Training: accuracy=0.999734
[Epoch 17 Batch 350] Training: accuracy=0.999772
[Epoch 17 Batch 400] Training: accuracy=0.999776
[Epoch 17 Batch 450] Training: accuracy=0.999756
[Epoch 17 Batch 500] Training: accuracy=0.999701
[Epoch 17 Batch 550] Training: accuracy=0.999728
[Epoch 17] Trianing Time: 6.73112297058 s
[Epoch 17] Training: accuracy=0.999733
[Epoch 17] Validation: accuracy=0.982900
[Epoch 18 Batch 50] Training: accuracy=1.000000
[Epoch 18 Batch 100] Training: accuracy=1.000000
[Epoch 18 Batch 150] Training: accuracy=0.999868
[Epoch 18 Batch 200] Training: accuracy=0.999801
[Epoch 18 Batch 250] Training: accuracy=0.999841
[Epoch 18 Batch 300] Training: accuracy=0.999834
[Epoch 18 Batch 350] Training: accuracy=0.999829
[Epoch 18 Batch 400] Training: accuracy=0.999850
[Epoch 18 Batch 450] Training: accuracy=0.999867
[Epoch 18 Batch 500] Training: accuracy=0.999880
[Epoch 18 Batch 550] Training: accuracy=0.999891
[Epoch 18] Trianing Time: 6.72835111618 s
[Epoch 18] Training: accuracy=0.999900
[Epoch 18] Validation: accuracy=0.982600
[Epoch 19 Batch 50] Training: accuracy=1.000000
[Epoch 19 Batch 100] Training: accuracy=1.000000
[Epoch 19 Batch 150] Training: accuracy=1.000000
[Epoch 19 Batch 200] Training: accuracy=1.000000
[Epoch 19 Batch 250] Training: accuracy=1.000000
[Epoch 19 Batch 300] Training: accuracy=1.000000
[Epoch 19 Batch 350] Training: accuracy=1.000000
[Epoch 19 Batch 400] Training: accuracy=1.000000
[Epoch 19 Batch 450] Training: accuracy=1.000000
[Epoch 19 Batch 500] Training: accuracy=1.000000
[Epoch 19 Batch 550] Training: accuracy=1.000000
[Epoch 19] Trianing Time: 6.57153892517 s
[Epoch 19] Training: accuracy=1.000000
[Epoch 19] Validation: accuracy=0.983500
[Epoch 20 Batch 50] Training: accuracy=1.000000
[Epoch 20 Batch 100] Training: accuracy=1.000000
[Epoch 20 Batch 150] Training: accuracy=1.000000
[Epoch 20 Batch 200] Training: accuracy=1.000000
[Epoch 20 Batch 250] Training: accuracy=1.000000
[Epoch 20 Batch 300] Training: accuracy=1.000000
[Epoch 20 Batch 350] Training: accuracy=1.000000
[Epoch 20 Batch 400] Training: accuracy=1.000000
[Epoch 20 Batch 450] Training: accuracy=1.000000
[Epoch 20 Batch 500] Training: accuracy=1.000000
[Epoch 20 Batch 550] Training: accuracy=1.000000
[Epoch 20] Trianing Time: 6.55041408539 s
[Epoch 20] Training: accuracy=1.000000
[Epoch 20] Validation: accuracy=0.983600
[Epoch 21 Batch 50] Training: accuracy=1.000000
[Epoch 21 Batch 100] Training: accuracy=1.000000
[Epoch 21 Batch 150] Training: accuracy=1.000000
[Epoch 21 Batch 200] Training: accuracy=1.000000
[Epoch 21 Batch 250] Training: accuracy=1.000000
[Epoch 21 Batch 300] Training: accuracy=1.000000
[Epoch 21 Batch 350] Training: accuracy=1.000000
[Epoch 21 Batch 400] Training: accuracy=1.000000
[Epoch 21 Batch 450] Training: accuracy=1.000000
[Epoch 21 Batch 500] Training: accuracy=1.000000
[Epoch 21 Batch 550] Training: accuracy=1.000000
[Epoch 21] Trianing Time: 6.63538503647 s
[Epoch 21] Training: accuracy=1.000000
[Epoch 21] Validation: accuracy=0.983300
[Epoch 22 Batch 50] Training: accuracy=1.000000
[Epoch 22 Batch 100] Training: accuracy=1.000000
[Epoch 22 Batch 150] Training: accuracy=1.000000
[Epoch 22 Batch 200] Training: accuracy=1.000000
[Epoch 22 Batch 250] Training: accuracy=1.000000
[Epoch 22 Batch 300] Training: accuracy=1.000000
[Epoch 22 Batch 350] Training: accuracy=1.000000
[Epoch 22 Batch 400] Training: accuracy=1.000000
